{"/Users/justinwinter/Sites/d8d/front-end/src/api/apolloClient.js": {"path":"/Users/justinwinter/Sites/d8d/front-end/src/api/apolloClient.js","statementMap":{"0":{"start":{"line":7,"column":16},"end":{"line":7,"column":52}},"1":{"start":{"line":8,"column":12},"end":{"line":8,"column":86}},"2":{"start":{"line":10,"column":16},"end":{"line":10,"column":57}},"3":{"start":{"line":10,"column":22},"end":{"line":10,"column":57}},"4":{"start":{"line":12,"column":23},"end":{"line":12,"column":66}},"5":{"start":{"line":12,"column":29},"end":{"line":12,"column":66}},"6":{"start":{"line":14,"column":23},"end":{"line":26,"column":2}},"7":{"start":{"line":15,"column":15},"end":{"line":15,"column":24}},"8":{"start":{"line":16,"column":16},"end":{"line":16,"column":32}},"9":{"start":{"line":19,"column":2},"end":{"line":24,"column":6}},"10":{"start":{"line":19,"column":30},"end":{"line":24,"column":3}},"11":{"start":{"line":25,"column":2},"end":{"line":25,"column":28}},"12":{"start":{"line":28,"column":13},"end":{"line":30,"column":2}},"13":{"start":{"line":32,"column":24},"end":{"line":32,"column":90}},"14":{"start":{"line":34,"column":28},"end":{"line":37,"column":2}}},"fnMap":{"0":{"name":"(anonymous_0)","decl":{"start":{"line":10,"column":16},"end":{"line":10,"column":17}},"loc":{"start":{"line":10,"column":22},"end":{"line":10,"column":57}},"line":10},"1":{"name":"(anonymous_1)","decl":{"start":{"line":12,"column":23},"end":{"line":12,"column":24}},"loc":{"start":{"line":12,"column":29},"end":{"line":12,"column":66}},"line":12},"2":{"name":"(anonymous_2)","decl":{"start":{"line":14,"column":38},"end":{"line":14,"column":39}},"loc":{"start":{"line":14,"column":62},"end":{"line":26,"column":1}},"line":14},"3":{"name":"(anonymous_3)","decl":{"start":{"line":19,"column":23},"end":{"line":19,"column":24}},"loc":{"start":{"line":19,"column":30},"end":{"line":24,"column":3}},"line":19}},"branchMap":{"0":{"loc":{"start":{"line":8,"column":12},"end":{"line":8,"column":86}},"type":"cond-expr","locations":[{"start":{"line":8,"column":48},"end":{"line":8,"column":81}},{"start":{"line":8,"column":84},"end":{"line":8,"column":86}}],"line":8},"1":{"loc":{"start":{"line":21,"column":21},"end":{"line":21,"column":46}},"type":"binary-expr","locations":[{"start":{"line":21,"column":21},"end":{"line":21,"column":38}},{"start":{"line":21,"column":42},"end":{"line":21,"column":46}}],"line":21},"2":{"loc":{"start":{"line":22,"column":22},"end":{"line":22,"column":34}},"type":"binary-expr","locations":[{"start":{"line":22,"column":22},"end":{"line":22,"column":26}},{"start":{"line":22,"column":30},"end":{"line":22,"column":34}}],"line":22}},"s":{"0":2,"1":2,"2":2,"3":0,"4":2,"5":0,"6":2,"7":0,"8":0,"9":0,"10":0,"11":0,"12":2,"13":2,"14":2},"f":{"0":0,"1":0,"2":0,"3":0},"b":{"0":[2,0],"1":[0,0],"2":[0,0]},"_coverageSchema":"332fd63041d2c1bcb487cc26dd0d5f7d97098a6c","hash":"8a7469cfe1bfad1cef33ba19075b7109c76f9203"}
,"/Users/justinwinter/Sites/d8d/front-end/src/api/apolloProxy.js": {"path":"/Users/justinwinter/Sites/d8d/front-end/src/api/apolloProxy.js","statementMap":{"0":{"start":{"line":9,"column":18},"end":{"line":37,"column":1}},"1":{"start":{"line":40,"column":34},"end":{"line":47,"column":1}},"2":{"start":{"line":48,"column":27},"end":{"line":50,"column":2}},"3":{"start":{"line":48,"column":33},"end":{"line":50,"column":2}},"4":{"start":{"line":52,"column":38},"end":{"line":66,"column":1}},"5":{"start":{"line":67,"column":30},"end":{"line":70,"column":2}},"6":{"start":{"line":67,"column":36},"end":{"line":70,"column":2}},"7":{"start":{"line":83,"column":34},"end":{"line":98,"column":1}},"8":{"start":{"line":99,"column":26},"end":{"line":104,"column":2}},"9":{"start":{"line":99,"column":41},"end":{"line":104,"column":2}},"10":{"start":{"line":106,"column":37},"end":{"line":121,"column":1}},"11":{"start":{"line":122,"column":29},"end":{"line":127,"column":2}},"12":{"start":{"line":122,"column":41},"end":{"line":127,"column":2}},"13":{"start":{"line":129,"column":37},"end":{"line":148,"column":1}},"14":{"start":{"line":149,"column":29},"end":{"line":159,"column":2}},"15":{"start":{"line":151,"column":6},"end":{"line":159,"column":2}},"16":{"start":{"line":161,"column":29},"end":{"line":165,"column":1}},"17":{"start":{"line":167,"column":26},"end":{"line":173,"column":1}}},"fnMap":{"0":{"name":"(anonymous_0)","decl":{"start":{"line":48,"column":27},"end":{"line":48,"column":28}},"loc":{"start":{"line":48,"column":33},"end":{"line":50,"column":2}},"line":48},"1":{"name":"(anonymous_1)","decl":{"start":{"line":67,"column":30},"end":{"line":67,"column":31}},"loc":{"start":{"line":67,"column":36},"end":{"line":70,"column":2}},"line":67},"2":{"name":"(anonymous_2)","decl":{"start":{"line":99,"column":26},"end":{"line":99,"column":27}},"loc":{"start":{"line":99,"column":41},"end":{"line":104,"column":2}},"line":99},"3":{"name":"(anonymous_3)","decl":{"start":{"line":122,"column":29},"end":{"line":122,"column":30}},"loc":{"start":{"line":122,"column":41},"end":{"line":127,"column":2}},"line":122},"4":{"name":"(anonymous_4)","decl":{"start":{"line":149,"column":29},"end":{"line":149,"column":30}},"loc":{"start":{"line":151,"column":6},"end":{"line":159,"column":2}},"line":151}},"branchMap":{},"s":{"0":2,"1":2,"2":2,"3":0,"4":2,"5":2,"6":0,"7":2,"8":2,"9":0,"10":2,"11":2,"12":0,"13":2,"14":2,"15":0,"16":2,"17":2},"f":{"0":0,"1":0,"2":0,"3":0,"4":0},"b":{},"_coverageSchema":"332fd63041d2c1bcb487cc26dd0d5f7d97098a6c","hash":"a59072226a79a691aa9720809dc5b68d7a04c2ec"}
,"/Users/justinwinter/Sites/d8d/front-end/src/components/App.js": {"path":"/Users/justinwinter/Sites/d8d/front-end/src/components/App.js","statementMap":{"0":{"start":{"line":7,"column":22},"end":{"line":11,"column":1}},"1":{"start":{"line":8,"column":2},"end":{"line":10,"column":8}},"2":{"start":{"line":13,"column":21},"end":{"line":20,"column":1}},"3":{"start":{"line":14,"column":2},"end":{"line":19,"column":8}},"4":{"start":{"line":22,"column":20},"end":{"line":27,"column":1}},"5":{"start":{"line":23,"column":2},"end":{"line":26,"column":8}},"6":{"start":{"line":29,"column":12},"end":{"line":40,"column":1}},"7":{"start":{"line":30,"column":52},"end":{"line":30,"column":57}},"8":{"start":{"line":31,"column":2},"end":{"line":33,"column":3}},"9":{"start":{"line":32,"column":4},"end":{"line":32,"column":25}},"10":{"start":{"line":35,"column":2},"end":{"line":37,"column":3}},"11":{"start":{"line":36,"column":4},"end":{"line":36,"column":27}},"12":{"start":{"line":39,"column":2},"end":{"line":39,"column":29}},"13":{"start":{"line":42,"column":0},"end":{"line":46,"column":2}},"14":{"start":{"line":48,"column":0},"end":{"line":50,"column":2}}},"fnMap":{"0":{"name":"(anonymous_0)","decl":{"start":{"line":7,"column":22},"end":{"line":7,"column":23}},"loc":{"start":{"line":8,"column":2},"end":{"line":10,"column":8}},"line":8},"1":{"name":"(anonymous_1)","decl":{"start":{"line":13,"column":21},"end":{"line":13,"column":22}},"loc":{"start":{"line":14,"column":2},"end":{"line":19,"column":8}},"line":14},"2":{"name":"(anonymous_2)","decl":{"start":{"line":22,"column":20},"end":{"line":22,"column":21}},"loc":{"start":{"line":23,"column":2},"end":{"line":26,"column":8}},"line":23},"3":{"name":"(anonymous_3)","decl":{"start":{"line":29,"column":12},"end":{"line":29,"column":13}},"loc":{"start":{"line":29,"column":23},"end":{"line":40,"column":1}},"line":29}},"branchMap":{"0":{"loc":{"start":{"line":30,"column":10},"end":{"line":30,"column":27}},"type":"default-arg","locations":[{"start":{"line":30,"column":22},"end":{"line":30,"column":27}}],"line":30},"1":{"loc":{"start":{"line":31,"column":2},"end":{"line":33,"column":3}},"type":"if","locations":[{"start":{"line":31,"column":2},"end":{"line":33,"column":3}},{"start":{"line":31,"column":2},"end":{"line":33,"column":3}}],"line":31},"2":{"loc":{"start":{"line":35,"column":2},"end":{"line":37,"column":3}},"type":"if","locations":[{"start":{"line":35,"column":2},"end":{"line":37,"column":3}},{"start":{"line":35,"column":2},"end":{"line":37,"column":3}}],"line":35},"3":{"loc":{"start":{"line":35,"column":6},"end":{"line":35,"column":30}},"type":"binary-expr","locations":[{"start":{"line":35,"column":6},"end":{"line":35,"column":15}},{"start":{"line":35,"column":19},"end":{"line":35,"column":30}}],"line":35}},"s":{"0":1,"1":0,"2":1,"3":1,"4":1,"5":0,"6":1,"7":1,"8":1,"9":0,"10":1,"11":0,"12":1,"13":1,"14":1},"f":{"0":0,"1":1,"2":0,"3":1},"b":{"0":[0],"1":[0,1],"2":[0,1],"3":[1,1]},"_coverageSchema":"332fd63041d2c1bcb487cc26dd0d5f7d97098a6c","hash":"2076b893a5605c3d55bebac23eed95d14e6399cc"}
,"/Users/justinwinter/Sites/d8d/front-end/src/components/Card.js": {"path":"/Users/justinwinter/Sites/d8d/front-end/src/components/Card.js","statementMap":{"0":{"start":{"line":5,"column":13},"end":{"line":44,"column":1}},"1":{"start":{"line":6,"column":49},"end":{"line":6,"column":54}},"2":{"start":{"line":7,"column":2},"end":{"line":43,"column":4}},"3":{"start":{"line":13,"column":25},"end":{"line":13,"column":49}},"4":{"start":{"line":14,"column":25},"end":{"line":14,"column":49}},"5":{"start":{"line":46,"column":0},"end":{"line":50,"column":2}}},"fnMap":{"0":{"name":"(anonymous_0)","decl":{"start":{"line":5,"column":13},"end":{"line":5,"column":14}},"loc":{"start":{"line":5,"column":24},"end":{"line":44,"column":1}},"line":5},"1":{"name":"(anonymous_1)","decl":{"start":{"line":13,"column":17},"end":{"line":13,"column":18}},"loc":{"start":{"line":13,"column":23},"end":{"line":13,"column":51}},"line":13},"2":{"name":"(anonymous_2)","decl":{"start":{"line":14,"column":17},"end":{"line":14,"column":18}},"loc":{"start":{"line":14,"column":23},"end":{"line":14,"column":51}},"line":14}},"branchMap":{"0":{"loc":{"start":{"line":18,"column":14},"end":{"line":21,"column":71}},"type":"cond-expr","locations":[{"start":{"line":19,"column":14},"end":{"line":19,"column":137}},{"start":{"line":21,"column":14},"end":{"line":21,"column":71}}],"line":18},"1":{"loc":{"start":{"line":26,"column":42},"end":{"line":26,"column":89}},"type":"cond-expr","locations":[{"start":{"line":26,"column":66},"end":{"line":26,"column":76}},{"start":{"line":26,"column":79},"end":{"line":26,"column":89}}],"line":26},"2":{"loc":{"start":{"line":27,"column":15},"end":{"line":28,"column":69}},"type":"cond-expr","locations":[{"start":{"line":28,"column":16},"end":{"line":28,"column":62}},{"start":{"line":28,"column":65},"end":{"line":28,"column":69}}],"line":27}},"s":{"0":3,"1":1,"2":1,"3":0,"4":0,"5":3},"f":{"0":1,"1":0,"2":0},"b":{"0":[1,0],"1":[0,1],"2":[1,0]},"_coverageSchema":"332fd63041d2c1bcb487cc26dd0d5f7d97098a6c","hash":"9345d61d73ac27ffadb928485474c213ebbd76a9"}
,"/Users/justinwinter/Sites/d8d/front-end/src/components/List.js": {"path":"/Users/justinwinter/Sites/d8d/front-end/src/components/List.js","statementMap":{"0":{"start":{"line":9,"column":13},"end":{"line":17,"column":1}},"1":{"start":{"line":10,"column":2},"end":{"line":16,"column":18}},"2":{"start":{"line":18,"column":0},"end":{"line":20,"column":2}},"3":{"start":{"line":22,"column":18},"end":{"line":30,"column":2}},"4":{"start":{"line":22,"column":66},"end":{"line":30,"column":2}},"5":{"start":{"line":23,"column":2},"end":{"line":29,"column":9}},"6":{"start":{"line":27,"column":34},"end":{"line":27,"column":65}},"7":{"start":{"line":32,"column":13},"end":{"line":70,"column":1}},"8":{"start":{"line":35,"column":6},"end":{"line":35,"column":11}},"9":{"start":{"line":36,"column":2},"end":{"line":69,"column":4}},"10":{"start":{"line":42,"column":27},"end":{"line":42,"column":40}},"11":{"start":{"line":44,"column":27},"end":{"line":44,"column":40}},"12":{"start":{"line":72,"column":0},"end":{"line":77,"column":2}}},"fnMap":{"0":{"name":"(anonymous_0)","decl":{"start":{"line":9,"column":13},"end":{"line":9,"column":14}},"loc":{"start":{"line":10,"column":2},"end":{"line":16,"column":18}},"line":10},"1":{"name":"(anonymous_1)","decl":{"start":{"line":22,"column":18},"end":{"line":22,"column":19}},"loc":{"start":{"line":22,"column":66},"end":{"line":30,"column":2}},"line":22},"2":{"name":"(anonymous_2)","decl":{"start":{"line":22,"column":79},"end":{"line":22,"column":80}},"loc":{"start":{"line":23,"column":2},"end":{"line":29,"column":9}},"line":23},"3":{"name":"(anonymous_3)","decl":{"start":{"line":27,"column":21},"end":{"line":27,"column":22}},"loc":{"start":{"line":27,"column":32},"end":{"line":27,"column":67}},"line":27},"4":{"name":"(anonymous_4)","decl":{"start":{"line":32,"column":13},"end":{"line":32,"column":14}},"loc":{"start":{"line":32,"column":24},"end":{"line":70,"column":1}},"line":32},"5":{"name":"(anonymous_5)","decl":{"start":{"line":42,"column":19},"end":{"line":42,"column":20}},"loc":{"start":{"line":42,"column":25},"end":{"line":42,"column":42}},"line":42},"6":{"name":"(anonymous_6)","decl":{"start":{"line":44,"column":19},"end":{"line":44,"column":20}},"loc":{"start":{"line":44,"column":25},"end":{"line":44,"column":42}},"line":44}},"branchMap":{},"s":{"0":2,"1":0,"2":2,"3":2,"4":1,"5":10,"6":0,"7":2,"8":1,"9":1,"10":0,"11":0,"12":2},"f":{"0":0,"1":1,"2":10,"3":0,"4":1,"5":0,"6":0},"b":{},"_coverageSchema":"332fd63041d2c1bcb487cc26dd0d5f7d97098a6c","hash":"979d2cd364dca4110d62209601f49a8cc84e08d0"}
,"/Users/justinwinter/Sites/d8d/front-end/src/components/Login.js": {"path":"/Users/justinwinter/Sites/d8d/front-end/src/components/Login.js","statementMap":{"0":{"start":{"line":6,"column":14},"end":{"line":38,"column":1}},"1":{"start":{"line":9,"column":6},"end":{"line":9,"column":11}},"2":{"start":{"line":10,"column":2},"end":{"line":37,"column":4}},"3":{"start":{"line":40,"column":0},"end":{"line":44,"column":2}},"4":{"start":{"line":46,"column":0},"end":{"line":48,"column":2}}},"fnMap":{"0":{"name":"(anonymous_0)","decl":{"start":{"line":6,"column":14},"end":{"line":6,"column":15}},"loc":{"start":{"line":6,"column":25},"end":{"line":38,"column":1}},"line":6}},"branchMap":{"0":{"loc":{"start":{"line":34,"column":10},"end":{"line":34,"column":100}},"type":"cond-expr","locations":[{"start":{"line":34,"column":18},"end":{"line":34,"column":93}},{"start":{"line":34,"column":96},"end":{"line":34,"column":100}}],"line":34}},"s":{"0":3,"1":15,"2":15,"3":3,"4":3},"f":{"0":15},"b":{"0":[3,12]},"_coverageSchema":"332fd63041d2c1bcb487cc26dd0d5f7d97098a6c","hash":"1788b36696c08544d4d60716171a5086c2ecf957"}
,"/Users/justinwinter/Sites/d8d/front-end/src/components/Navbar.js": {"path":"/Users/justinwinter/Sites/d8d/front-end/src/components/Navbar.js","statementMap":{"0":{"start":{"line":7,"column":22},"end":{"line":77,"column":1}},"1":{"start":{"line":8,"column":2},"end":{"line":76,"column":11}},"2":{"start":{"line":15,"column":8},"end":{"line":15,"column":27}},"3":{"start":{"line":16,"column":8},"end":{"line":16,"column":28}},"4":{"start":{"line":18,"column":23},"end":{"line":18,"column":43}},"5":{"start":{"line":43,"column":34},"end":{"line":43,"column":53}},"6":{"start":{"line":43,"column":54},"end":{"line":43,"column":78}},"7":{"start":{"line":67,"column":31},"end":{"line":67,"column":57}},"8":{"start":{"line":79,"column":0},"end":{"line":82,"column":2}},"9":{"start":{"line":84,"column":24},"end":{"line":86,"column":2}},"10":{"start":{"line":84,"column":34},"end":{"line":86,"column":1}}},"fnMap":{"0":{"name":"(anonymous_0)","decl":{"start":{"line":7,"column":22},"end":{"line":7,"column":23}},"loc":{"start":{"line":8,"column":2},"end":{"line":76,"column":11}},"line":8},"1":{"name":"(anonymous_1)","decl":{"start":{"line":14,"column":15},"end":{"line":14,"column":16}},"loc":{"start":{"line":14,"column":22},"end":{"line":17,"column":7}},"line":14},"2":{"name":"(anonymous_2)","decl":{"start":{"line":18,"column":15},"end":{"line":18,"column":16}},"loc":{"start":{"line":18,"column":21},"end":{"line":18,"column":45}},"line":18},"3":{"name":"(anonymous_3)","decl":{"start":{"line":43,"column":25},"end":{"line":43,"column":26}},"loc":{"start":{"line":43,"column":32},"end":{"line":43,"column":80}},"line":43},"4":{"name":"(anonymous_4)","decl":{"start":{"line":67,"column":23},"end":{"line":67,"column":24}},"loc":{"start":{"line":67,"column":29},"end":{"line":67,"column":59}},"line":67},"5":{"name":"(anonymous_5)","decl":{"start":{"line":84,"column":24},"end":{"line":84,"column":25}},"loc":{"start":{"line":84,"column":34},"end":{"line":86,"column":1}},"line":84}},"branchMap":{"0":{"loc":{"start":{"line":39,"column":10},"end":{"line":49,"column":16}},"type":"cond-expr","locations":[{"start":{"line":40,"column":12},"end":{"line":48,"column":22}},{"start":{"line":49,"column":12},"end":{"line":49,"column":16}}],"line":39},"1":{"loc":{"start":{"line":64,"column":8},"end":{"line":73,"column":14}},"type":"cond-expr","locations":[{"start":{"line":65,"column":10},"end":{"line":72,"column":20}},{"start":{"line":73,"column":10},"end":{"line":73,"column":14}}],"line":64}},"s":{"0":2,"1":2,"2":0,"3":0,"4":0,"5":0,"6":0,"7":0,"8":2,"9":2,"10":0},"f":{"0":2,"1":0,"2":0,"3":0,"4":0,"5":0},"b":{"0":[0,2],"1":[0,2]},"_coverageSchema":"332fd63041d2c1bcb487cc26dd0d5f7d97098a6c","hash":"56d2d2ba004453f75ff208a3813e89fd014a4c8b"}
,"/Users/justinwinter/Sites/d8d/front-end/src/components/frames/gallery/BrowseButton.js": {"path":"/Users/justinwinter/Sites/d8d/front-end/src/components/frames/gallery/BrowseButton.js","statementMap":{"0":{"start":{"line":4,"column":21},"end":{"line":21,"column":1}},"1":{"start":{"line":5,"column":16},"end":{"line":5,"column":33}},"2":{"start":{"line":6,"column":2},"end":{"line":10,"column":3}},"3":{"start":{"line":7,"column":4},"end":{"line":7,"column":30}},"4":{"start":{"line":8,"column":9},"end":{"line":10,"column":3}},"5":{"start":{"line":9,"column":4},"end":{"line":9,"column":43}},"6":{"start":{"line":12,"column":2},"end":{"line":14,"column":47}},"7":{"start":{"line":16,"column":2},"end":{"line":20,"column":4}},"8":{"start":{"line":23,"column":0},"end":{"line":27,"column":2}},"9":{"start":{"line":29,"column":0},"end":{"line":32,"column":2}}},"fnMap":{"0":{"name":"(anonymous_0)","decl":{"start":{"line":4,"column":21},"end":{"line":4,"column":22}},"loc":{"start":{"line":4,"column":69},"end":{"line":21,"column":1}},"line":4}},"branchMap":{"0":{"loc":{"start":{"line":4,"column":24},"end":{"line":4,"column":38}},"type":"default-arg","locations":[{"start":{"line":4,"column":37},"end":{"line":4,"column":38}}],"line":4},"1":{"loc":{"start":{"line":4,"column":40},"end":{"line":4,"column":54}},"type":"default-arg","locations":[{"start":{"line":4,"column":53},"end":{"line":4,"column":54}}],"line":4},"2":{"loc":{"start":{"line":6,"column":2},"end":{"line":10,"column":3}},"type":"if","locations":[{"start":{"line":6,"column":2},"end":{"line":10,"column":3}},{"start":{"line":6,"column":2},"end":{"line":10,"column":3}}],"line":6},"3":{"loc":{"start":{"line":8,"column":9},"end":{"line":10,"column":3}},"type":"if","locations":[{"start":{"line":8,"column":9},"end":{"line":10,"column":3}},{"start":{"line":8,"column":9},"end":{"line":10,"column":3}}],"line":8},"4":{"loc":{"start":{"line":12,"column":13},"end":{"line":14,"column":46}},"type":"cond-expr","locations":[{"start":{"line":13,"column":4},"end":{"line":13,"column":43}},{"start":{"line":14,"column":4},"end":{"line":14,"column":46}}],"line":12}},"s":{"0":2,"1":0,"2":0,"3":0,"4":0,"5":0,"6":0,"7":0,"8":2,"9":2},"f":{"0":0},"b":{"0":[0],"1":[0],"2":[0,0],"3":[0,0],"4":[0,0]},"_coverageSchema":"332fd63041d2c1bcb487cc26dd0d5f7d97098a6c","hash":"494b1ed672b38ff8f86d90e7d8e21bb522f3081c"}
,"/Users/justinwinter/Sites/d8d/front-end/src/components/frames/gallery/Gallery.js": {"path":"/Users/justinwinter/Sites/d8d/front-end/src/components/frames/gallery/Gallery.js","statementMap":{"0":{"start":{"line":8,"column":16},"end":{"line":90,"column":1}},"1":{"start":{"line":20,"column":2},"end":{"line":89,"column":4}},"2":{"start":{"line":25,"column":27},"end":{"line":25,"column":46}},"3":{"start":{"line":45,"column":12},"end":{"line":51,"column":21}},"4":{"start":{"line":47,"column":31},"end":{"line":47,"column":50}},"5":{"start":{"line":64,"column":28},"end":{"line":64,"column":41}},"6":{"start":{"line":65,"column":14},"end":{"line":82,"column":15}},"7":{"start":{"line":66,"column":16},"end":{"line":81,"column":20}},"8":{"start":{"line":77,"column":20},"end":{"line":79,"column":29}},"9":{"start":{"line":83,"column":14},"end":{"line":83,"column":26}},"10":{"start":{"line":92,"column":0},"end":{"line":101,"column":2}},"11":{"start":{"line":103,"column":0},"end":{"line":105,"column":2}}},"fnMap":{"0":{"name":"(anonymous_0)","decl":{"start":{"line":8,"column":16},"end":{"line":8,"column":17}},"loc":{"start":{"line":17,"column":6},"end":{"line":90,"column":1}},"line":17},"1":{"name":"(anonymous_1)","decl":{"start":{"line":25,"column":15},"end":{"line":25,"column":16}},"loc":{"start":{"line":25,"column":25},"end":{"line":25,"column":48}},"line":25},"2":{"name":"(anonymous_2)","decl":{"start":{"line":44,"column":18},"end":{"line":44,"column":19}},"loc":{"start":{"line":45,"column":12},"end":{"line":51,"column":21}},"line":45},"3":{"name":"(anonymous_3)","decl":{"start":{"line":47,"column":23},"end":{"line":47,"column":24}},"loc":{"start":{"line":47,"column":29},"end":{"line":47,"column":52}},"line":47},"4":{"name":"(anonymous_4)","decl":{"start":{"line":63,"column":22},"end":{"line":63,"column":23}},"loc":{"start":{"line":63,"column":35},"end":{"line":84,"column":13}},"line":63},"5":{"name":"(anonymous_5)","decl":{"start":{"line":76,"column":26},"end":{"line":76,"column":27}},"loc":{"start":{"line":77,"column":20},"end":{"line":79,"column":29}},"line":77}},"branchMap":{"0":{"loc":{"start":{"line":13,"column":2},"end":{"line":13,"column":25}},"type":"default-arg","locations":[{"start":{"line":13,"column":20},"end":{"line":13,"column":25}}],"line":13},"1":{"loc":{"start":{"line":23,"column":8},"end":{"line":36,"column":14}},"type":"cond-expr","locations":[{"start":{"line":24,"column":8},"end":{"line":32,"column":19}},{"start":{"line":34,"column":8},"end":{"line":36,"column":14}}],"line":23},"2":{"loc":{"start":{"line":39,"column":7},"end":{"line":54,"column":12}},"type":"cond-expr","locations":[{"start":{"line":40,"column":8},"end":{"line":53,"column":10}},{"start":{"line":54,"column":8},"end":{"line":54,"column":12}}],"line":39},"3":{"loc":{"start":{"line":56,"column":8},"end":{"line":58,"column":12}},"type":"cond-expr","locations":[{"start":{"line":57,"column":8},"end":{"line":57,"column":89}},{"start":{"line":58,"column":8},"end":{"line":58,"column":12}}],"line":56},"4":{"loc":{"start":{"line":65,"column":14},"end":{"line":82,"column":15}},"type":"if","locations":[{"start":{"line":65,"column":14},"end":{"line":82,"column":15}},{"start":{"line":65,"column":14},"end":{"line":82,"column":15}}],"line":65},"5":{"loc":{"start":{"line":71,"column":28},"end":{"line":71,"column":56}},"type":"binary-expr","locations":[{"start":{"line":71,"column":28},"end":{"line":71,"column":38}},{"start":{"line":71,"column":42},"end":{"line":71,"column":56}}],"line":71},"6":{"loc":{"start":{"line":73,"column":38},"end":{"line":73,"column":89}},"type":"cond-expr","locations":[{"start":{"line":73,"column":63},"end":{"line":73,"column":85}},{"start":{"line":73,"column":88},"end":{"line":73,"column":89}}],"line":73},"7":{"loc":{"start":{"line":74,"column":35},"end":{"line":74,"column":88}},"type":"cond-expr","locations":[{"start":{"line":74,"column":59},"end":{"line":74,"column":80}},{"start":{"line":74,"column":83},"end":{"line":74,"column":88}}],"line":74},"8":{"loc":{"start":{"line":75,"column":33},"end":{"line":75,"column":82}},"type":"cond-expr","locations":[{"start":{"line":75,"column":55},"end":{"line":75,"column":74}},{"start":{"line":75,"column":77},"end":{"line":75,"column":82}}],"line":75}},"s":{"0":2,"1":1,"2":0,"3":0,"4":0,"5":0,"6":0,"7":0,"8":0,"9":0,"10":2,"11":2},"f":{"0":1,"1":0,"2":0,"3":0,"4":0,"5":0},"b":{"0":[0],"1":[1,0],"2":[1,0],"3":[0,1],"4":[0,0],"5":[0,0],"6":[0,0],"7":[0,0],"8":[0,0]},"_coverageSchema":"332fd63041d2c1bcb487cc26dd0d5f7d97098a6c","hash":"78feef513ebe346a3c1194808b9b6001fccbe794"}
,"/Users/justinwinter/Sites/d8d/front-end/src/components/frames/gallery/Thumbnail.js": {"path":"/Users/justinwinter/Sites/d8d/front-end/src/components/frames/gallery/Thumbnail.js","statementMap":{"0":{"start":{"line":4,"column":18},"end":{"line":59,"column":1}},"1":{"start":{"line":15,"column":13},"end":{"line":15,"column":21}},"2":{"start":{"line":16,"column":15},"end":{"line":16,"column":43}},"3":{"start":{"line":17,"column":15},"end":{"line":17,"column":80}},"4":{"start":{"line":18,"column":25},"end":{"line":18,"column":26}},"5":{"start":{"line":19,"column":25},"end":{"line":19,"column":29}},"6":{"start":{"line":21,"column":2},"end":{"line":58,"column":4}},"7":{"start":{"line":43,"column":27},"end":{"line":43,"column":46}},"8":{"start":{"line":55,"column":50},"end":{"line":55,"column":69}},"9":{"start":{"line":61,"column":0},"end":{"line":71,"column":2}}},"fnMap":{"0":{"name":"(anonymous_0)","decl":{"start":{"line":4,"column":18},"end":{"line":4,"column":19}},"loc":{"start":{"line":14,"column":6},"end":{"line":59,"column":1}},"line":14},"1":{"name":"(anonymous_1)","decl":{"start":{"line":43,"column":21},"end":{"line":43,"column":22}},"loc":{"start":{"line":43,"column":27},"end":{"line":43,"column":46}},"line":43},"2":{"name":"(anonymous_2)","decl":{"start":{"line":55,"column":44},"end":{"line":55,"column":45}},"loc":{"start":{"line":55,"column":50},"end":{"line":55,"column":69}},"line":55}},"branchMap":{"0":{"loc":{"start":{"line":16,"column":15},"end":{"line":16,"column":43}},"type":"cond-expr","locations":[{"start":{"line":16,"column":32},"end":{"line":16,"column":36}},{"start":{"line":16,"column":39},"end":{"line":16,"column":43}}],"line":16},"1":{"loc":{"start":{"line":17,"column":15},"end":{"line":17,"column":80}},"type":"cond-expr","locations":[{"start":{"line":17,"column":32},"end":{"line":17,"column":53}},{"start":{"line":17,"column":56},"end":{"line":17,"column":80}}],"line":17},"2":{"loc":{"start":{"line":29,"column":8},"end":{"line":49,"column":12}},"type":"cond-expr","locations":[{"start":{"line":30,"column":8},"end":{"line":48,"column":14}},{"start":{"line":49,"column":8},"end":{"line":49,"column":12}}],"line":29},"3":{"loc":{"start":{"line":29,"column":8},"end":{"line":29,"column":50}},"type":"binary-expr","locations":[{"start":{"line":29,"column":8},"end":{"line":29,"column":23}},{"start":{"line":29,"column":27},"end":{"line":29,"column":50}}],"line":29},"4":{"loc":{"start":{"line":51,"column":60},"end":{"line":51,"column":81}},"type":"cond-expr","locations":[{"start":{"line":51,"column":76},"end":{"line":51,"column":77}},{"start":{"line":51,"column":80},"end":{"line":51,"column":81}}],"line":51},"5":{"loc":{"start":{"line":54,"column":8},"end":{"line":56,"column":12}},"type":"cond-expr","locations":[{"start":{"line":55,"column":8},"end":{"line":55,"column":81}},{"start":{"line":56,"column":8},"end":{"line":56,"column":12}}],"line":54},"6":{"loc":{"start":{"line":54,"column":8},"end":{"line":54,"column":60}},"type":"binary-expr","locations":[{"start":{"line":54,"column":8},"end":{"line":54,"column":33}},{"start":{"line":54,"column":37},"end":{"line":54,"column":60}}],"line":54}},"s":{"0":3,"1":9,"2":9,"3":9,"4":9,"5":9,"6":9,"7":1,"8":1,"9":3},"f":{"0":9,"1":1,"2":1},"b":{"0":[8,1],"1":[8,1],"2":[2,7],"3":[9,2],"4":[1,8],"5":[6,3],"6":[9,7]},"_coverageSchema":"332fd63041d2c1bcb487cc26dd0d5f7d97098a6c","hash":"d5f585859960a54e472f3942994ae82cea9cfbda"}
,"/Users/justinwinter/Sites/d8d/front-end/src/containers/AppContainer.js": {"path":"/Users/justinwinter/Sites/d8d/front-end/src/containers/AppContainer.js","statementMap":{"0":{"start":{"line":1,"column":13},"end":{"line":1,"column":75}},"1":{"start":{"line":1,"column":75},"end":{"line":1,"column":108}},"2":{"start":{"line":1,"column":127},"end":{"line":1,"column":199}},"3":{"start":{"line":1,"column":213},"end":{"line":1,"column":229}},"4":{"start":{"line":1,"column":244},"end":{"line":1,"column":274}},"5":{"start":{"line":2,"column":17},"end":{"line":2,"column":38}},"6":{"start":{"line":2,"column":57},"end":{"line":2,"column":91}},"7":{"start":{"line":3,"column":18},"end":{"line":3,"column":40}},"8":{"start":{"line":5,"column":19},"end":{"line":5,"column":42}},"9":{"start":{"line":7,"column":20},"end":{"line":7,"column":47}},"10":{"start":{"line":7,"column":69},"end":{"line":7,"column":106}},"11":{"start":{"line":8,"column":11},"end":{"line":8,"column":36}},"12":{"start":{"line":8,"column":49},"end":{"line":8,"column":77}},"13":{"start":{"line":10,"column":15},"end":{"line":10,"column":53}},"14":{"start":{"line":10,"column":92},"end":{"line":10,"column":146}},"15":{"start":{"line":14,"column":15},"end":{"line":14,"column":34}},"16":{"start":{"line":15,"column":4},"end":{"line":17,"column":5}},"17":{"start":{"line":16,"column":6},"end":{"line":16,"column":51}},"18":{"start":{"line":21,"column":4},"end":{"line":26,"column":98}},"19":{"start":{"line":31,"column":4},"end":{"line":31,"column":40}},"20":{"start":{"line":34,"column":0},"end":{"line":37,"column":57}},"21":{"start":{"line":40,"column":24},"end":{"line":42,"column":47}},"22":{"start":{"line":40,"column":34},"end":{"line":42,"column":46}},"23":{"start":{"line":42,"column":48},"end":{"line":45,"column":56}}},"fnMap":{"0":{"name":"_interopRequireDefault","decl":{"start":{"line":10,"column":63},"end":{"line":10,"column":85}},"loc":{"start":{"line":10,"column":91},"end":{"line":10,"column":147}},"line":10},"1":{"name":"(anonymous_1)","decl":{"start":{"line":13,"column":2},"end":{"line":13,"column":3}},"loc":{"start":{"line":13,"column":23},"end":{"line":18,"column":3}},"line":13},"2":{"name":"(anonymous_2)","decl":{"start":{"line":20,"column":2},"end":{"line":20,"column":3}},"loc":{"start":{"line":20,"column":11},"end":{"line":31,"column":3}},"line":20},"3":{"name":"(anonymous_3)","decl":{"start":{"line":40,"column":24},"end":{"line":40,"column":25}},"loc":{"start":{"line":40,"column":34},"end":{"line":42,"column":46}},"line":40}},"branchMap":{"0":{"loc":{"start":{"line":10,"column":99},"end":{"line":10,"column":145}},"type":"cond-expr","locations":[{"start":{"line":10,"column":123},"end":{"line":10,"column":126}},{"start":{"line":10,"column":129},"end":{"line":10,"column":145}}],"line":10},"1":{"loc":{"start":{"line":10,"column":99},"end":{"line":10,"column":120}},"type":"binary-expr","locations":[{"start":{"line":10,"column":99},"end":{"line":10,"column":102}},{"start":{"line":10,"column":106},"end":{"line":10,"column":120}}],"line":10},"2":{"loc":{"start":{"line":15,"column":4},"end":{"line":17,"column":5}},"type":"if","locations":[{"start":{"line":15,"column":4},"end":{"line":17,"column":5}},{"start":{"line":15,"column":4},"end":{"line":17,"column":5}}],"line":15}},"s":{"0":0,"1":0,"2":0,"3":0,"4":0,"5":0,"6":0,"7":0,"8":0,"9":0,"10":0,"11":0,"12":0,"13":0,"14":0,"15":0,"16":0,"17":0,"18":0,"19":0,"20":0,"21":0,"22":0,"23":0},"f":{"0":0,"1":0,"2":0,"3":0},"b":{"0":[0,0],"1":[0,0],"2":[0,0]}}
,"/Users/justinwinter/Sites/d8d/front-end/src/containers/EditPage.js": {"path":"/Users/justinwinter/Sites/d8d/front-end/src/containers/EditPage.js","statementMap":{"0":{"start":{"line":16,"column":4},"end":{"line":16,"column":17}},"1":{"start":{"line":18,"column":43},"end":{"line":18,"column":48}},"2":{"start":{"line":19,"column":17},"end":{"line":19,"column":62}},"3":{"start":{"line":20,"column":28},"end":{"line":20,"column":32}},"4":{"start":{"line":22,"column":4},"end":{"line":27,"column":6}},"5":{"start":{"line":31,"column":4},"end":{"line":31,"column":34}},"6":{"start":{"line":35,"column":25},"end":{"line":35,"column":35}},"7":{"start":{"line":36,"column":34},"end":{"line":36,"column":44}},"8":{"start":{"line":38,"column":17},"end":{"line":38,"column":50}},"9":{"start":{"line":38,"column":41},"end":{"line":38,"column":49}},"10":{"start":{"line":39,"column":22},"end":{"line":44,"column":5}},"11":{"start":{"line":46,"column":4},"end":{"line":46,"column":44}},"12":{"start":{"line":60,"column":37},"end":{"line":60,"column":43}},"13":{"start":{"line":61,"column":21},"end":{"line":61,"column":58}},"14":{"start":{"line":62,"column":4},"end":{"line":64,"column":5}},"15":{"start":{"line":63,"column":6},"end":{"line":63,"column":43}},"16":{"start":{"line":66,"column":4},"end":{"line":69,"column":7}},"17":{"start":{"line":68,"column":45},"end":{"line":68,"column":63}},"18":{"start":{"line":78,"column":34},"end":{"line":78,"column":44}},"19":{"start":{"line":79,"column":4},"end":{"line":92,"column":6}},"20":{"start":{"line":96,"column":0},"end":{"line":101,"column":2}},"21":{"start":{"line":106,"column":24},"end":{"line":109,"column":2}},"22":{"start":{"line":106,"column":34},"end":{"line":109,"column":1}},"23":{"start":{"line":110,"column":24},"end":{"line":110,"column":58}}},"fnMap":{"0":{"name":"(anonymous_0)","decl":{"start":{"line":15,"column":2},"end":{"line":15,"column":3}},"loc":{"start":{"line":15,"column":21},"end":{"line":28,"column":3}},"line":15},"1":{"name":"(anonymous_1)","decl":{"start":{"line":30,"column":15},"end":{"line":30,"column":16}},"loc":{"start":{"line":30,"column":26},"end":{"line":32,"column":3}},"line":30},"2":{"name":"(anonymous_2)","decl":{"start":{"line":34,"column":15},"end":{"line":34,"column":16}},"loc":{"start":{"line":34,"column":21},"end":{"line":55,"column":3}},"line":34},"3":{"name":"(anonymous_3)","decl":{"start":{"line":38,"column":33},"end":{"line":38,"column":34}},"loc":{"start":{"line":38,"column":41},"end":{"line":38,"column":49}},"line":38},"4":{"name":"(anonymous_4)","decl":{"start":{"line":57,"column":22},"end":{"line":57,"column":23}},"loc":{"start":{"line":59,"column":8},"end":{"line":70,"column":3}},"line":59},"5":{"name":"(anonymous_5)","decl":{"start":{"line":68,"column":37},"end":{"line":68,"column":38}},"loc":{"start":{"line":68,"column":43},"end":{"line":68,"column":65}},"line":68},"6":{"name":"(anonymous_6)","decl":{"start":{"line":77,"column":2},"end":{"line":77,"column":3}},"loc":{"start":{"line":77,"column":11},"end":{"line":93,"column":3}},"line":77},"7":{"name":"(anonymous_7)","decl":{"start":{"line":106,"column":24},"end":{"line":106,"column":25}},"loc":{"start":{"line":106,"column":34},"end":{"line":109,"column":1}},"line":106}},"branchMap":{"0":{"loc":{"start":{"line":25,"column":13},"end":{"line":25,"column":60}},"type":"cond-expr","locations":[{"start":{"line":25,"column":50},"end":{"line":25,"column":52}},{"start":{"line":25,"column":55},"end":{"line":25,"column":60}}],"line":25},"1":{"loc":{"start":{"line":25,"column":13},"end":{"line":25,"column":47}},"type":"binary-expr","locations":[{"start":{"line":25,"column":13},"end":{"line":25,"column":27}},{"start":{"line":25,"column":31},"end":{"line":25,"column":47}}],"line":25},"2":{"loc":{"start":{"line":26,"column":12},"end":{"line":26,"column":43}},"type":"cond-expr","locations":[{"start":{"line":26,"column":28},"end":{"line":26,"column":30}},{"start":{"line":26,"column":33},"end":{"line":26,"column":43}}],"line":26},"3":{"loc":{"start":{"line":41,"column":13},"end":{"line":41,"column":42}},"type":"cond-expr","locations":[{"start":{"line":41,"column":28},"end":{"line":41,"column":34}},{"start":{"line":41,"column":37},"end":{"line":41,"column":42}}],"line":41},"4":{"loc":{"start":{"line":61,"column":21},"end":{"line":61,"column":58}},"type":"cond-expr","locations":[{"start":{"line":61,"column":43},"end":{"line":61,"column":50}},{"start":{"line":61,"column":53},"end":{"line":61,"column":58}}],"line":61},"5":{"loc":{"start":{"line":62,"column":4},"end":{"line":64,"column":5}},"type":"if","locations":[{"start":{"line":62,"column":4},"end":{"line":64,"column":5}},{"start":{"line":62,"column":4},"end":{"line":64,"column":5}}],"line":62}},"s":{"0":0,"1":0,"2":0,"3":0,"4":0,"5":0,"6":0,"7":0,"8":0,"9":0,"10":0,"11":0,"12":0,"13":0,"14":0,"15":0,"16":0,"17":0,"18":0,"19":0,"20":1,"21":1,"22":0,"23":1},"f":{"0":0,"1":0,"2":0,"3":0,"4":0,"5":0,"6":0,"7":0},"b":{"0":[0,0],"1":[0,0],"2":[0,0],"3":[0,0],"4":[0,0],"5":[0,0]},"_coverageSchema":"332fd63041d2c1bcb487cc26dd0d5f7d97098a6c","hash":"1cf2190a1937e1e00fd8b552709690485a98c94a"}
,"/Users/justinwinter/Sites/d8d/front-end/src/containers/GalleryFrame.js": {"path":"/Users/justinwinter/Sites/d8d/front-end/src/containers/GalleryFrame.js","statementMap":{"0":{"start":{"line":20,"column":4},"end":{"line":20,"column":17}},"1":{"start":{"line":22,"column":29},"end":{"line":22,"column":39}},"2":{"start":{"line":24,"column":23},"end":{"line":24,"column":48}},"3":{"start":{"line":25,"column":4},"end":{"line":32,"column":6}},"4":{"start":{"line":41,"column":16},"end":{"line":41,"column":28}},"5":{"start":{"line":42,"column":4},"end":{"line":47,"column":5}},"6":{"start":{"line":43,"column":19},"end":{"line":43,"column":27}},"7":{"start":{"line":45,"column":6},"end":{"line":45,"column":49}},"8":{"start":{"line":45,"column":41},"end":{"line":45,"column":47}},"9":{"start":{"line":46,"column":6},"end":{"line":46,"column":37}},"10":{"start":{"line":52,"column":4},"end":{"line":52,"column":39}},"11":{"start":{"line":53,"column":22},"end":{"line":53,"column":32}},"12":{"start":{"line":54,"column":4},"end":{"line":54,"column":73}},"13":{"start":{"line":59,"column":4},"end":{"line":62,"column":7}},"14":{"start":{"line":60,"column":6},"end":{"line":60,"column":77}},"15":{"start":{"line":61,"column":6},"end":{"line":61,"column":18}},"16":{"start":{"line":66,"column":4},"end":{"line":69,"column":6}},"17":{"start":{"line":73,"column":4},"end":{"line":73,"column":26}},"18":{"start":{"line":74,"column":4},"end":{"line":74,"column":61}},"19":{"start":{"line":74,"column":23},"end":{"line":74,"column":52}},"20":{"start":{"line":78,"column":21},"end":{"line":78,"column":37}},"21":{"start":{"line":79,"column":18},"end":{"line":79,"column":56}},"22":{"start":{"line":80,"column":4},"end":{"line":83,"column":5}},"23":{"start":{"line":81,"column":6},"end":{"line":81,"column":41}},"24":{"start":{"line":82,"column":6},"end":{"line":82,"column":41}},"25":{"start":{"line":91,"column":26},"end":{"line":91,"column":77}},"26":{"start":{"line":91,"column":41},"end":{"line":91,"column":76}},"27":{"start":{"line":93,"column":39},"end":{"line":93,"column":86}},"28":{"start":{"line":93,"column":60},"end":{"line":93,"column":85}},"29":{"start":{"line":97,"column":23},"end":{"line":99,"column":33}},"30":{"start":{"line":98,"column":16},"end":{"line":98,"column":46}},"31":{"start":{"line":99,"column":24},"end":{"line":99,"column":29}},"32":{"start":{"line":100,"column":4},"end":{"line":100,"column":22}},"33":{"start":{"line":104,"column":21},"end":{"line":104,"column":63}},"34":{"start":{"line":104,"column":40},"end":{"line":104,"column":61}},"35":{"start":{"line":106,"column":4},"end":{"line":106,"column":33}},"36":{"start":{"line":110,"column":36},"end":{"line":110,"column":46}},"37":{"start":{"line":111,"column":4},"end":{"line":123,"column":7}},"38":{"start":{"line":112,"column":25},"end":{"line":115,"column":7}},"39":{"start":{"line":117,"column":6},"end":{"line":122,"column":9}},"40":{"start":{"line":127,"column":25},"end":{"line":127,"column":41}},"41":{"start":{"line":128,"column":4},"end":{"line":128,"column":34}},"42":{"start":{"line":129,"column":4},"end":{"line":131,"column":7}},"43":{"start":{"line":135,"column":4},"end":{"line":135,"column":37}},"44":{"start":{"line":136,"column":4},"end":{"line":136,"column":29}},"45":{"start":{"line":140,"column":4},"end":{"line":140,"column":34}},"46":{"start":{"line":154,"column":23},"end":{"line":154,"column":33}},"47":{"start":{"line":155,"column":4},"end":{"line":155,"column":39}},"48":{"start":{"line":156,"column":22},"end":{"line":156,"column":72}},"49":{"start":{"line":157,"column":4},"end":{"line":161,"column":32}},"50":{"start":{"line":160,"column":8},"end":{"line":160,"column":81}},"51":{"start":{"line":166,"column":28},"end":{"line":166,"column":33}},"52":{"start":{"line":168,"column":19},"end":{"line":179,"column":5}},"53":{"start":{"line":171,"column":33},"end":{"line":171,"column":95}},"54":{"start":{"line":173,"column":8},"end":{"line":173,"column":71}},"55":{"start":{"line":177,"column":8},"end":{"line":177,"column":19}},"56":{"start":{"line":181,"column":22},"end":{"line":181,"column":32}},"57":{"start":{"line":182,"column":4},"end":{"line":198,"column":9}},"58":{"start":{"line":184,"column":8},"end":{"line":184,"column":56}},"59":{"start":{"line":185,"column":8},"end":{"line":188,"column":9}},"60":{"start":{"line":186,"column":10},"end":{"line":186,"column":48}},"61":{"start":{"line":187,"column":10},"end":{"line":187,"column":38}},"62":{"start":{"line":190,"column":8},"end":{"line":197,"column":9}},"63":{"start":{"line":191,"column":10},"end":{"line":194,"column":11}},"64":{"start":{"line":192,"column":12},"end":{"line":192,"column":50}},"65":{"start":{"line":193,"column":12},"end":{"line":193,"column":40}},"66":{"start":{"line":196,"column":10},"end":{"line":196,"column":40}},"67":{"start":{"line":200,"column":4},"end":{"line":214,"column":5}},"68":{"start":{"line":201,"column":29},"end":{"line":201,"column":45}},"69":{"start":{"line":203,"column":6},"end":{"line":213,"column":7}},"70":{"start":{"line":204,"column":8},"end":{"line":212,"column":9}},"71":{"start":{"line":205,"column":26},"end":{"line":205,"column":43}},"72":{"start":{"line":206,"column":10},"end":{"line":206,"column":34}},"73":{"start":{"line":208,"column":10},"end":{"line":211,"column":13}},"74":{"start":{"line":216,"column":4},"end":{"line":216,"column":54}},"75":{"start":{"line":221,"column":23},"end":{"line":221,"column":33}},"76":{"start":{"line":222,"column":14},"end":{"line":222,"column":35}},"77":{"start":{"line":223,"column":21},"end":{"line":227,"column":7}},"78":{"start":{"line":223,"column":37},"end":{"line":227,"column":5}},"79":{"start":{"line":229,"column":4},"end":{"line":229,"column":43}},"80":{"start":{"line":230,"column":22},"end":{"line":230,"column":52}},"81":{"start":{"line":231,"column":4},"end":{"line":237,"column":32}},"82":{"start":{"line":234,"column":8},"end":{"line":234,"column":37}},"83":{"start":{"line":235,"column":21},"end":{"line":235,"column":67}},"84":{"start":{"line":235,"column":58},"end":{"line":235,"column":66}},"85":{"start":{"line":236,"column":8},"end":{"line":236,"column":38}},"86":{"start":{"line":242,"column":31},"end":{"line":242,"column":41}},"87":{"start":{"line":243,"column":23},"end":{"line":243,"column":56}},"88":{"start":{"line":243,"column":47},"end":{"line":243,"column":55}},"89":{"start":{"line":244,"column":20},"end":{"line":244,"column":67}},"90":{"start":{"line":246,"column":22},"end":{"line":251,"column":5}},"91":{"start":{"line":253,"column":4},"end":{"line":253,"column":44}},"92":{"start":{"line":273,"column":4},"end":{"line":280,"column":8}},"93":{"start":{"line":284,"column":0},"end":{"line":288,"column":2}},"94":{"start":{"line":290,"column":28},"end":{"line":290,"column":63}}},"fnMap":{"0":{"name":"(anonymous_0)","decl":{"start":{"line":19,"column":2},"end":{"line":19,"column":3}},"loc":{"start":{"line":19,"column":21},"end":{"line":33,"column":3}},"line":19},"1":{"name":"(anonymous_1)","decl":{"start":{"line":40,"column":11},"end":{"line":40,"column":12}},"loc":{"start":{"line":40,"column":22},"end":{"line":48,"column":3}},"line":40},"2":{"name":"(anonymous_2)","decl":{"start":{"line":51,"column":18},"end":{"line":51,"column":19}},"loc":{"start":{"line":51,"column":24},"end":{"line":55,"column":3}},"line":51},"3":{"name":"(anonymous_3)","decl":{"start":{"line":57,"column":39},"end":{"line":57,"column":40}},"loc":{"start":{"line":57,"column":62},"end":{"line":63,"column":3}},"line":57},"4":{"name":"(anonymous_4)","decl":{"start":{"line":59,"column":19},"end":{"line":59,"column":20}},"loc":{"start":{"line":59,"column":32},"end":{"line":62,"column":5}},"line":59},"5":{"name":"(anonymous_5)","decl":{"start":{"line":65,"column":30},"end":{"line":65,"column":31}},"loc":{"start":{"line":65,"column":36},"end":{"line":70,"column":3}},"line":65},"6":{"name":"(anonymous_6)","decl":{"start":{"line":72,"column":28},"end":{"line":72,"column":29}},"loc":{"start":{"line":72,"column":38},"end":{"line":75,"column":3}},"line":72},"7":{"name":"(anonymous_7)","decl":{"start":{"line":74,"column":15},"end":{"line":74,"column":16}},"loc":{"start":{"line":74,"column":21},"end":{"line":74,"column":54}},"line":74},"8":{"name":"(anonymous_8)","decl":{"start":{"line":77,"column":18},"end":{"line":77,"column":19}},"loc":{"start":{"line":77,"column":41},"end":{"line":84,"column":3}},"line":77},"9":{"name":"(anonymous_9)","decl":{"start":{"line":91,"column":17},"end":{"line":91,"column":18}},"loc":{"start":{"line":91,"column":26},"end":{"line":91,"column":77}},"line":91},"10":{"name":"(anonymous_10)","decl":{"start":{"line":91,"column":36},"end":{"line":91,"column":37}},"loc":{"start":{"line":91,"column":41},"end":{"line":91,"column":76}},"line":91},"11":{"name":"(anonymous_11)","decl":{"start":{"line":93,"column":22},"end":{"line":93,"column":23}},"loc":{"start":{"line":93,"column":39},"end":{"line":93,"column":86}},"line":93},"12":{"name":"(anonymous_12)","decl":{"start":{"line":93,"column":55},"end":{"line":93,"column":56}},"loc":{"start":{"line":93,"column":60},"end":{"line":93,"column":85}},"line":93},"13":{"name":"(anonymous_13)","decl":{"start":{"line":95,"column":15},"end":{"line":95,"column":16}},"loc":{"start":{"line":95,"column":26},"end":{"line":101,"column":3}},"line":95},"14":{"name":"(anonymous_14)","decl":{"start":{"line":98,"column":11},"end":{"line":98,"column":12}},"loc":{"start":{"line":98,"column":16},"end":{"line":98,"column":46}},"line":98},"15":{"name":"(anonymous_15)","decl":{"start":{"line":99,"column":14},"end":{"line":99,"column":15}},"loc":{"start":{"line":99,"column":24},"end":{"line":99,"column":29}},"line":99},"16":{"name":"(anonymous_16)","decl":{"start":{"line":103,"column":23},"end":{"line":103,"column":24}},"loc":{"start":{"line":103,"column":34},"end":{"line":107,"column":3}},"line":103},"17":{"name":"(anonymous_17)","decl":{"start":{"line":104,"column":34},"end":{"line":104,"column":35}},"loc":{"start":{"line":104,"column":40},"end":{"line":104,"column":61}},"line":104},"18":{"name":"(anonymous_18)","decl":{"start":{"line":109,"column":21},"end":{"line":109,"column":22}},"loc":{"start":{"line":109,"column":31},"end":{"line":124,"column":3}},"line":109},"19":{"name":"(anonymous_19)","decl":{"start":{"line":111,"column":40},"end":{"line":111,"column":41}},"loc":{"start":{"line":111,"column":59},"end":{"line":123,"column":5}},"line":111},"20":{"name":"(anonymous_20)","decl":{"start":{"line":126,"column":17},"end":{"line":126,"column":18}},"loc":{"start":{"line":126,"column":28},"end":{"line":132,"column":3}},"line":126},"21":{"name":"(anonymous_21)","decl":{"start":{"line":134,"column":17},"end":{"line":134,"column":18}},"loc":{"start":{"line":134,"column":28},"end":{"line":137,"column":3}},"line":134},"22":{"name":"(anonymous_22)","decl":{"start":{"line":139,"column":15},"end":{"line":139,"column":16}},"loc":{"start":{"line":139,"column":26},"end":{"line":141,"column":3}},"line":139},"23":{"name":"(anonymous_23)","decl":{"start":{"line":153,"column":20},"end":{"line":153,"column":21}},"loc":{"start":{"line":153,"column":78},"end":{"line":162,"column":3}},"line":153},"24":{"name":"(anonymous_24)","decl":{"start":{"line":153,"column":65},"end":{"line":153,"column":66}},"loc":{"start":{"line":153,"column":71},"end":{"line":153,"column":73}},"line":153},"25":{"name":"(anonymous_25)","decl":{"start":{"line":158,"column":12},"end":{"line":158,"column":13}},"loc":{"start":{"line":158,"column":26},"end":{"line":161,"column":7}},"line":158},"26":{"name":"(anonymous_26)","decl":{"start":{"line":165,"column":17},"end":{"line":165,"column":18}},"loc":{"start":{"line":165,"column":76},"end":{"line":217,"column":3}},"line":165},"27":{"name":"(anonymous_27)","decl":{"start":{"line":165,"column":63},"end":{"line":165,"column":64}},"loc":{"start":{"line":165,"column":69},"end":{"line":165,"column":71}},"line":165},"28":{"name":"(anonymous_28)","decl":{"start":{"line":170,"column":24},"end":{"line":170,"column":25}},"loc":{"start":{"line":170,"column":43},"end":{"line":174,"column":7}},"line":170},"29":{"name":"(anonymous_29)","decl":{"start":{"line":175,"column":36},"end":{"line":175,"column":37}},"loc":{"start":{"line":175,"column":43},"end":{"line":178,"column":7}},"line":175},"30":{"name":"(anonymous_30)","decl":{"start":{"line":183,"column":12},"end":{"line":183,"column":13}},"loc":{"start":{"line":183,"column":18},"end":{"line":189,"column":7}},"line":183},"31":{"name":"(anonymous_31)","decl":{"start":{"line":189,"column":15},"end":{"line":189,"column":16}},"loc":{"start":{"line":189,"column":26},"end":{"line":198,"column":7}},"line":189},"32":{"name":"(anonymous_32)","decl":{"start":{"line":220,"column":2},"end":{"line":220,"column":3}},"loc":{"start":{"line":220,"column":91},"end":{"line":238,"column":3}},"line":220},"33":{"name":"(anonymous_33)","decl":{"start":{"line":220,"column":81},"end":{"line":220,"column":82}},"loc":{"start":{"line":220,"column":87},"end":{"line":220,"column":89}},"line":220},"34":{"name":"(anonymous_34)","decl":{"start":{"line":223,"column":31},"end":{"line":223,"column":32}},"loc":{"start":{"line":223,"column":37},"end":{"line":227,"column":5}},"line":223},"35":{"name":"(anonymous_35)","decl":{"start":{"line":232,"column":12},"end":{"line":232,"column":13}},"loc":{"start":{"line":232,"column":26},"end":{"line":237,"column":7}},"line":232},"36":{"name":"(anonymous_36)","decl":{"start":{"line":235,"column":50},"end":{"line":235,"column":51}},"loc":{"start":{"line":235,"column":58},"end":{"line":235,"column":66}},"line":235},"37":{"name":"(anonymous_37)","decl":{"start":{"line":241,"column":15},"end":{"line":241,"column":16}},"loc":{"start":{"line":241,"column":30},"end":{"line":265,"column":3}},"line":241},"38":{"name":"(anonymous_38)","decl":{"start":{"line":243,"column":39},"end":{"line":243,"column":40}},"loc":{"start":{"line":243,"column":47},"end":{"line":243,"column":55}},"line":243},"39":{"name":"(anonymous_39)","decl":{"start":{"line":272,"column":2},"end":{"line":272,"column":3}},"loc":{"start":{"line":272,"column":11},"end":{"line":281,"column":3}},"line":272}},"branchMap":{"0":{"loc":{"start":{"line":45,"column":6},"end":{"line":45,"column":49}},"type":"if","locations":[{"start":{"line":45,"column":6},"end":{"line":45,"column":49}},{"start":{"line":45,"column":6},"end":{"line":45,"column":49}}],"line":45},"1":{"loc":{"start":{"line":80,"column":4},"end":{"line":83,"column":5}},"type":"if","locations":[{"start":{"line":80,"column":4},"end":{"line":83,"column":5}},{"start":{"line":80,"column":4},"end":{"line":83,"column":5}}],"line":80},"2":{"loc":{"start":{"line":98,"column":16},"end":{"line":98,"column":46}},"type":"binary-expr","locations":[{"start":{"line":98,"column":16},"end":{"line":98,"column":27}},{"start":{"line":98,"column":31},"end":{"line":98,"column":46}}],"line":98},"3":{"loc":{"start":{"line":153,"column":28},"end":{"line":153,"column":73}},"type":"default-arg","locations":[{"start":{"line":153,"column":65},"end":{"line":153,"column":73}}],"line":153},"4":{"loc":{"start":{"line":165,"column":35},"end":{"line":165,"column":71}},"type":"default-arg","locations":[{"start":{"line":165,"column":63},"end":{"line":165,"column":71}}],"line":165},"5":{"loc":{"start":{"line":185,"column":8},"end":{"line":188,"column":9}},"type":"if","locations":[{"start":{"line":185,"column":8},"end":{"line":188,"column":9}},{"start":{"line":185,"column":8},"end":{"line":188,"column":9}}],"line":185},"6":{"loc":{"start":{"line":190,"column":8},"end":{"line":197,"column":9}},"type":"if","locations":[{"start":{"line":190,"column":8},"end":{"line":197,"column":9}},{"start":{"line":190,"column":8},"end":{"line":197,"column":9}}],"line":190},"7":{"loc":{"start":{"line":191,"column":10},"end":{"line":194,"column":11}},"type":"if","locations":[{"start":{"line":191,"column":10},"end":{"line":194,"column":11}},{"start":{"line":191,"column":10},"end":{"line":194,"column":11}}],"line":191},"8":{"loc":{"start":{"line":200,"column":4},"end":{"line":214,"column":5}},"type":"if","locations":[{"start":{"line":200,"column":4},"end":{"line":214,"column":5}},{"start":{"line":200,"column":4},"end":{"line":214,"column":5}}],"line":200},"9":{"loc":{"start":{"line":204,"column":8},"end":{"line":212,"column":9}},"type":"if","locations":[{"start":{"line":204,"column":8},"end":{"line":212,"column":9}},{"start":{"line":204,"column":8},"end":{"line":212,"column":9}}],"line":204},"10":{"loc":{"start":{"line":220,"column":55},"end":{"line":220,"column":89}},"type":"default-arg","locations":[{"start":{"line":220,"column":81},"end":{"line":220,"column":89}}],"line":220},"11":{"loc":{"start":{"line":241,"column":16},"end":{"line":241,"column":25}},"type":"default-arg","locations":[{"start":{"line":241,"column":23},"end":{"line":241,"column":25}}],"line":241}},"s":{"0":0,"1":0,"2":0,"3":0,"4":0,"5":0,"6":0,"7":0,"8":0,"9":0,"10":0,"11":0,"12":0,"13":0,"14":0,"15":0,"16":0,"17":0,"18":0,"19":0,"20":0,"21":0,"22":0,"23":0,"24":0,"25":0,"26":0,"27":0,"28":0,"29":0,"30":0,"31":0,"32":0,"33":0,"34":0,"35":0,"36":0,"37":0,"38":0,"39":0,"40":0,"41":0,"42":0,"43":0,"44":0,"45":0,"46":0,"47":0,"48":0,"49":0,"50":0,"51":0,"52":0,"53":0,"54":0,"55":0,"56":0,"57":0,"58":0,"59":0,"60":0,"61":0,"62":0,"63":0,"64":0,"65":0,"66":0,"67":0,"68":0,"69":0,"70":0,"71":0,"72":0,"73":0,"74":0,"75":0,"76":0,"77":0,"78":0,"79":0,"80":0,"81":0,"82":0,"83":0,"84":0,"85":0,"86":0,"87":0,"88":0,"89":0,"90":0,"91":0,"92":0,"93":1,"94":1},"f":{"0":0,"1":0,"2":0,"3":0,"4":0,"5":0,"6":0,"7":0,"8":0,"9":0,"10":0,"11":0,"12":0,"13":0,"14":0,"15":0,"16":0,"17":0,"18":0,"19":0,"20":0,"21":0,"22":0,"23":0,"24":0,"25":0,"26":0,"27":0,"28":0,"29":0,"30":0,"31":0,"32":0,"33":0,"34":0,"35":0,"36":0,"37":0,"38":0,"39":0},"b":{"0":[0,0],"1":[0,0],"2":[0,0],"3":[0],"4":[0],"5":[0,0],"6":[0,0],"7":[0,0],"8":[0,0],"9":[0,0],"10":[0],"11":[0]},"_coverageSchema":"332fd63041d2c1bcb487cc26dd0d5f7d97098a6c","hash":"4aa4457fc9c8afd145d09b52aa0e94d73a0c3273"}
,"/Users/justinwinter/Sites/d8d/front-end/src/containers/HomePage.js": {"path":"/Users/justinwinter/Sites/d8d/front-end/src/containers/HomePage.js","statementMap":{"0":{"start":{"line":6,"column":27},"end":{"line":10,"column":1}},"1":{"start":{"line":7,"column":2},"end":{"line":9,"column":30}},"2":{"start":{"line":12,"column":0},"end":{"line":14,"column":2}}},"fnMap":{"0":{"name":"(anonymous_0)","decl":{"start":{"line":6,"column":27},"end":{"line":6,"column":28}},"loc":{"start":{"line":7,"column":2},"end":{"line":9,"column":30}},"line":7}},"branchMap":{"0":{"loc":{"start":{"line":7,"column":2},"end":{"line":9,"column":30}},"type":"cond-expr","locations":[{"start":{"line":8,"column":5},"end":{"line":8,"column":28}},{"start":{"line":9,"column":5},"end":{"line":9,"column":29}}],"line":7}},"s":{"0":1,"1":0,"2":1},"f":{"0":0},"b":{"0":[0,0]},"_coverageSchema":"332fd63041d2c1bcb487cc26dd0d5f7d97098a6c","hash":"95c7e5e48556c73798874c85730c2d34cab4378e"}
,"/Users/justinwinter/Sites/d8d/front-end/src/containers/ListPage.js": {"path":"/Users/justinwinter/Sites/d8d/front-end/src/containers/ListPage.js","statementMap":{"0":{"start":{"line":22,"column":25},"end":{"line":22,"column":35}},"1":{"start":{"line":23,"column":4},"end":{"line":23,"column":30}},"2":{"start":{"line":32,"column":4},"end":{"line":32,"column":28}},"3":{"start":{"line":34,"column":25},"end":{"line":34,"column":35}},"4":{"start":{"line":35,"column":20},"end":{"line":35,"column":30}},"5":{"start":{"line":37,"column":4},"end":{"line":37,"column":41}},"6":{"start":{"line":38,"column":4},"end":{"line":40,"column":7}},"7":{"start":{"line":44,"column":4},"end":{"line":47,"column":7}},"8":{"start":{"line":56,"column":25},"end":{"line":56,"column":35}},"9":{"start":{"line":57,"column":4},"end":{"line":57,"column":44}},"10":{"start":{"line":61,"column":25},"end":{"line":61,"column":35}},"11":{"start":{"line":62,"column":4},"end":{"line":62,"column":50}},"12":{"start":{"line":67,"column":4},"end":{"line":67,"column":28}},"13":{"start":{"line":68,"column":4},"end":{"line":71,"column":7}},"14":{"start":{"line":80,"column":4},"end":{"line":88,"column":8}},"15":{"start":{"line":92,"column":0},"end":{"line":94,"column":2}},"16":{"start":{"line":96,"column":24},"end":{"line":100,"column":2}},"17":{"start":{"line":96,"column":34},"end":{"line":100,"column":1}},"18":{"start":{"line":101,"column":24},"end":{"line":101,"column":58}}},"fnMap":{"0":{"name":"(anonymous_0)","decl":{"start":{"line":21,"column":2},"end":{"line":21,"column":3}},"loc":{"start":{"line":21,"column":22},"end":{"line":24,"column":3}},"line":21},"1":{"name":"(anonymous_1)","decl":{"start":{"line":31,"column":20},"end":{"line":31,"column":21}},"loc":{"start":{"line":31,"column":31},"end":{"line":41,"column":3}},"line":31},"2":{"name":"(anonymous_2)","decl":{"start":{"line":43,"column":24},"end":{"line":43,"column":25}},"loc":{"start":{"line":43,"column":30},"end":{"line":48,"column":3}},"line":43},"3":{"name":"(anonymous_3)","decl":{"start":{"line":55,"column":14},"end":{"line":55,"column":15}},"loc":{"start":{"line":55,"column":20},"end":{"line":58,"column":3}},"line":55},"4":{"name":"(anonymous_4)","decl":{"start":{"line":60,"column":18},"end":{"line":60,"column":19}},"loc":{"start":{"line":60,"column":40},"end":{"line":64,"column":3}},"line":60},"5":{"name":"(anonymous_5)","decl":{"start":{"line":66,"column":18},"end":{"line":66,"column":19}},"loc":{"start":{"line":66,"column":34},"end":{"line":72,"column":3}},"line":66},"6":{"name":"(anonymous_6)","decl":{"start":{"line":79,"column":2},"end":{"line":79,"column":3}},"loc":{"start":{"line":79,"column":11},"end":{"line":89,"column":3}},"line":79},"7":{"name":"(anonymous_7)","decl":{"start":{"line":96,"column":24},"end":{"line":96,"column":25}},"loc":{"start":{"line":96,"column":34},"end":{"line":100,"column":1}},"line":96}},"branchMap":{},"s":{"0":0,"1":0,"2":0,"3":0,"4":0,"5":0,"6":0,"7":0,"8":0,"9":0,"10":0,"11":0,"12":0,"13":0,"14":0,"15":1,"16":1,"17":0,"18":1},"f":{"0":0,"1":0,"2":0,"3":0,"4":0,"5":0,"6":0,"7":0},"b":{},"_coverageSchema":"332fd63041d2c1bcb487cc26dd0d5f7d97098a6c","hash":"7337b1e9d30a7e3566fde19b1c535d068270a5dd"}
,"/Users/justinwinter/Sites/d8d/front-end/src/containers/LoginPage.js": {"path":"/Users/justinwinter/Sites/d8d/front-end/src/containers/LoginPage.js","statementMap":{"0":{"start":{"line":15,"column":27},"end":{"line":15,"column":33}},"1":{"start":{"line":16,"column":19},"end":{"line":16,"column":70}},"2":{"start":{"line":17,"column":4},"end":{"line":19,"column":7}},"3":{"start":{"line":23,"column":4},"end":{"line":23,"column":23}},"4":{"start":{"line":25,"column":4},"end":{"line":28,"column":5}},"5":{"start":{"line":26,"column":6},"end":{"line":26,"column":72}},"6":{"start":{"line":27,"column":6},"end":{"line":27,"column":13}},"7":{"start":{"line":30,"column":25},"end":{"line":30,"column":35}},"8":{"start":{"line":31,"column":4},"end":{"line":34,"column":8}},"9":{"start":{"line":38,"column":45},"end":{"line":38,"column":55}},"10":{"start":{"line":40,"column":4},"end":{"line":42,"column":5}},"11":{"start":{"line":41,"column":6},"end":{"line":41,"column":33}},"12":{"start":{"line":44,"column":4},"end":{"line":46,"column":5}},"13":{"start":{"line":45,"column":6},"end":{"line":45,"column":60}},"14":{"start":{"line":48,"column":4},"end":{"line":55,"column":6}},"15":{"start":{"line":59,"column":0},"end":{"line":64,"column":2}},"16":{"start":{"line":66,"column":0},"end":{"line":68,"column":2}}},"fnMap":{"0":{"name":"(anonymous_0)","decl":{"start":{"line":14,"column":22},"end":{"line":14,"column":23}},"loc":{"start":{"line":14,"column":38},"end":{"line":20,"column":3}},"line":14},"1":{"name":"(anonymous_1)","decl":{"start":{"line":22,"column":16},"end":{"line":22,"column":17}},"loc":{"start":{"line":22,"column":23},"end":{"line":35,"column":3}},"line":22},"2":{"name":"(anonymous_2)","decl":{"start":{"line":37,"column":2},"end":{"line":37,"column":3}},"loc":{"start":{"line":37,"column":11},"end":{"line":56,"column":3}},"line":37}},"branchMap":{"0":{"loc":{"start":{"line":16,"column":19},"end":{"line":16,"column":70}},"type":"cond-expr","locations":[{"start":{"line":16,"column":41},"end":{"line":16,"column":55}},{"start":{"line":16,"column":58},"end":{"line":16,"column":70}}],"line":16},"1":{"loc":{"start":{"line":25,"column":4},"end":{"line":28,"column":5}},"type":"if","locations":[{"start":{"line":25,"column":4},"end":{"line":28,"column":5}},{"start":{"line":25,"column":4},"end":{"line":28,"column":5}}],"line":25},"2":{"loc":{"start":{"line":25,"column":8},"end":{"line":25,"column":65}},"type":"binary-expr","locations":[{"start":{"line":25,"column":8},"end":{"line":25,"column":38}},{"start":{"line":25,"column":42},"end":{"line":25,"column":65}}],"line":25},"3":{"loc":{"start":{"line":40,"column":4},"end":{"line":42,"column":5}},"type":"if","locations":[{"start":{"line":40,"column":4},"end":{"line":42,"column":5}},{"start":{"line":40,"column":4},"end":{"line":42,"column":5}}],"line":40},"4":{"loc":{"start":{"line":44,"column":4},"end":{"line":46,"column":5}},"type":"if","locations":[{"start":{"line":44,"column":4},"end":{"line":46,"column":5}},{"start":{"line":44,"column":4},"end":{"line":46,"column":5}}],"line":44}},"s":{"0":3,"1":3,"2":3,"3":2,"4":2,"5":2,"6":2,"7":0,"8":0,"9":12,"10":12,"11":1,"12":11,"13":1,"14":10,"15":2,"16":2},"f":{"0":3,"1":2,"2":12},"b":{"0":[0,3],"1":[2,0],"2":[2,1],"3":[1,11],"4":[1,10]},"_coverageSchema":"332fd63041d2c1bcb487cc26dd0d5f7d97098a6c","hash":"2595c75aa04d6d11fa7381fc5b4326aab897f3ad"}
,"/Users/justinwinter/Sites/d8d/front-end/src/redux/configureStore.js": {"path":"/Users/justinwinter/Sites/d8d/front-end/src/redux/configureStore.js","statementMap":{"0":{"start":{"line":11,"column":23},"end":{"line":11,"column":38}},"1":{"start":{"line":13,"column":23},"end":{"line":32,"column":1}},"2":{"start":{"line":14,"column":25},"end":{"line":14,"column":36}},"3":{"start":{"line":15,"column":25},"end":{"line":15,"column":47}},"4":{"start":{"line":16,"column":16},"end":{"line":24,"column":3}},"5":{"start":{"line":22,"column":67},"end":{"line":22,"column":68}},"6":{"start":{"line":25,"column":2},"end":{"line":25,"column":31}},"7":{"start":{"line":27,"column":2},"end":{"line":29,"column":5}},"8":{"start":{"line":28,"column":4},"end":{"line":28,"column":32}},"9":{"start":{"line":31,"column":2},"end":{"line":31,"column":15}}},"fnMap":{"0":{"name":"(anonymous_0)","decl":{"start":{"line":13,"column":23},"end":{"line":13,"column":24}},"loc":{"start":{"line":13,"column":29},"end":{"line":32,"column":1}},"line":13},"1":{"name":"(anonymous_1)","decl":{"start":{"line":22,"column":62},"end":{"line":22,"column":63}},"loc":{"start":{"line":22,"column":67},"end":{"line":22,"column":68}},"line":22},"2":{"name":"(anonymous_2)","decl":{"start":{"line":27,"column":18},"end":{"line":27,"column":19}},"loc":{"start":{"line":27,"column":24},"end":{"line":29,"column":3}},"line":27}},"branchMap":{"0":{"loc":{"start":{"line":22,"column":6},"end":{"line":22,"column":68}},"type":"cond-expr","locations":[{"start":{"line":22,"column":33},"end":{"line":22,"column":59}},{"start":{"line":22,"column":62},"end":{"line":22,"column":68}}],"line":22}},"s":{"0":1,"1":1,"2":0,"3":0,"4":0,"5":0,"6":0,"7":0,"8":0,"9":0},"f":{"0":0,"1":0,"2":0},"b":{"0":[0,0]},"_coverageSchema":"332fd63041d2c1bcb487cc26dd0d5f7d97098a6c","hash":"f0cf2b6873a51dd711e0620ef680f00f297cf165"}
,"/Users/justinwinter/Sites/d8d/front-end/src/redux/localStorage.js": {"path":"/Users/justinwinter/Sites/d8d/front-end/src/redux/localStorage.js","statementMap":{"0":{"start":{"line":1,"column":25},"end":{"line":13,"column":1}},"1":{"start":{"line":2,"column":24},"end":{"line":2,"column":26}},"2":{"start":{"line":3,"column":2},"end":{"line":11,"column":3}},"3":{"start":{"line":4,"column":4},"end":{"line":4,"column":52}},"4":{"start":{"line":5,"column":4},"end":{"line":7,"column":5}},"5":{"start":{"line":6,"column":6},"end":{"line":6,"column":23}},"6":{"start":{"line":9,"column":4},"end":{"line":9,"column":19}},"7":{"start":{"line":10,"column":4},"end":{"line":10,"column":21}},"8":{"start":{"line":12,"column":2},"end":{"line":12,"column":37}},"9":{"start":{"line":15,"column":25},"end":{"line":22,"column":1}},"10":{"start":{"line":16,"column":2},"end":{"line":21,"column":3}},"11":{"start":{"line":17,"column":28},"end":{"line":17,"column":49}},"12":{"start":{"line":18,"column":4},"end":{"line":18,"column":51}},"13":{"start":{"line":20,"column":4},"end":{"line":20,"column":19}}},"fnMap":{"0":{"name":"(anonymous_0)","decl":{"start":{"line":1,"column":25},"end":{"line":1,"column":26}},"loc":{"start":{"line":1,"column":31},"end":{"line":13,"column":1}},"line":1},"1":{"name":"(anonymous_1)","decl":{"start":{"line":15,"column":25},"end":{"line":15,"column":26}},"loc":{"start":{"line":15,"column":36},"end":{"line":22,"column":1}},"line":15}},"branchMap":{"0":{"loc":{"start":{"line":5,"column":4},"end":{"line":7,"column":5}},"type":"if","locations":[{"start":{"line":5,"column":4},"end":{"line":7,"column":5}},{"start":{"line":5,"column":4},"end":{"line":7,"column":5}}],"line":5}},"s":{"0":1,"1":0,"2":0,"3":0,"4":0,"5":0,"6":0,"7":0,"8":0,"9":1,"10":0,"11":0,"12":0,"13":0},"f":{"0":0,"1":0},"b":{"0":[0,0]},"_coverageSchema":"332fd63041d2c1bcb487cc26dd0d5f7d97098a6c","hash":"545dc8622c868bd7564ee5e08074eb5d333fe33d"}
,"/Users/justinwinter/Sites/d8d/front-end/src/redux/rootReducer.js": {"path":"/Users/justinwinter/Sites/d8d/front-end/src/redux/rootReducer.js","statementMap":{"0":{"start":{"line":7,"column":34},"end":{"line":12,"column":2}},"1":{"start":{"line":14,"column":20},"end":{"line":30,"column":1}},"2":{"start":{"line":15,"column":2},"end":{"line":15,"column":27}},"3":{"start":{"line":16,"column":2},"end":{"line":18,"column":3}},"4":{"start":{"line":17,"column":4},"end":{"line":17,"column":49}},"5":{"start":{"line":20,"column":2},"end":{"line":28,"column":3}},"6":{"start":{"line":21,"column":4},"end":{"line":27,"column":15}},"7":{"start":{"line":29,"column":2},"end":{"line":29,"column":43}}},"fnMap":{"0":{"name":"(anonymous_0)","decl":{"start":{"line":14,"column":20},"end":{"line":14,"column":21}},"loc":{"start":{"line":14,"column":39},"end":{"line":30,"column":1}},"line":14}},"branchMap":{"0":{"loc":{"start":{"line":16,"column":2},"end":{"line":18,"column":3}},"type":"if","locations":[{"start":{"line":16,"column":2},"end":{"line":18,"column":3}},{"start":{"line":16,"column":2},"end":{"line":18,"column":3}}],"line":16},"1":{"loc":{"start":{"line":20,"column":2},"end":{"line":28,"column":3}},"type":"if","locations":[{"start":{"line":20,"column":2},"end":{"line":28,"column":3}},{"start":{"line":20,"column":2},"end":{"line":28,"column":3}}],"line":20},"2":{"loc":{"start":{"line":20,"column":6},"end":{"line":20,"column":39}},"type":"binary-expr","locations":[{"start":{"line":20,"column":6},"end":{"line":20,"column":30}},{"start":{"line":20,"column":34},"end":{"line":20,"column":39}}],"line":20}},"s":{"0":1,"1":1,"2":0,"3":0,"4":0,"5":0,"6":0,"7":0},"f":{"0":0},"b":{"0":[0,0],"1":[0,0],"2":[0,0]},"_coverageSchema":"332fd63041d2c1bcb487cc26dd0d5f7d97098a6c","hash":"396c84b3a8e8c1cbbf431ce8e203f6ee839d9c35"}
,"/Users/justinwinter/Sites/d8d/front-end/src/redux/rootSaga.js": {"path":"/Users/justinwinter/Sites/d8d/front-end/src/redux/rootSaga.js","statementMap":{"0":{"start":{"line":8,"column":2},"end":{"line":12,"column":5}}},"fnMap":{"0":{"name":"rootSaga","decl":{"start":{"line":7,"column":25},"end":{"line":7,"column":33}},"loc":{"start":{"line":7,"column":36},"end":{"line":13,"column":1}},"line":7}},"branchMap":{},"s":{"0":0},"f":{"0":0},"b":{},"_coverageSchema":"332fd63041d2c1bcb487cc26dd0d5f7d97098a6c","hash":"a2c63d45f21d786a0c16ed64e1ae710bed623bb2"}
,"/Users/justinwinter/Sites/d8d/front-end/src/redux/article/actions.js": {"path":"/Users/justinwinter/Sites/d8d/front-end/src/redux/article/actions.js","statementMap":{"0":{"start":{"line":5,"column":30},"end":{"line":5,"column":46}},"1":{"start":{"line":6,"column":37},"end":{"line":6,"column":60}},"2":{"start":{"line":7,"column":37},"end":{"line":7,"column":60}},"3":{"start":{"line":9,"column":27},"end":{"line":9,"column":40}},"4":{"start":{"line":10,"column":35},"end":{"line":10,"column":56}},"5":{"start":{"line":11,"column":35},"end":{"line":11,"column":56}},"6":{"start":{"line":13,"column":30},"end":{"line":13,"column":46}},"7":{"start":{"line":14,"column":38},"end":{"line":14,"column":62}},"8":{"start":{"line":15,"column":38},"end":{"line":15,"column":62}},"9":{"start":{"line":17,"column":36},"end":{"line":17,"column":58}},"10":{"start":{"line":18,"column":44},"end":{"line":18,"column":74}},"11":{"start":{"line":19,"column":44},"end":{"line":19,"column":74}},"12":{"start":{"line":21,"column":30},"end":{"line":21,"column":46}},"13":{"start":{"line":23,"column":21},"end":{"line":37,"column":1}},"14":{"start":{"line":43,"column":29},"end":{"line":45,"column":2}},"15":{"start":{"line":43,"column":36},"end":{"line":45,"column":1}},"16":{"start":{"line":47,"column":36},"end":{"line":50,"column":2}},"17":{"start":{"line":47,"column":48},"end":{"line":50,"column":1}},"18":{"start":{"line":52,"column":36},"end":{"line":55,"column":2}},"19":{"start":{"line":52,"column":48},"end":{"line":55,"column":1}},"20":{"start":{"line":57,"column":26},"end":{"line":60,"column":2}},"21":{"start":{"line":57,"column":38},"end":{"line":60,"column":1}},"22":{"start":{"line":62,"column":33},"end":{"line":65,"column":2}},"23":{"start":{"line":62,"column":45},"end":{"line":65,"column":1}},"24":{"start":{"line":67,"column":33},"end":{"line":70,"column":2}},"25":{"start":{"line":67,"column":43},"end":{"line":70,"column":1}},"26":{"start":{"line":72,"column":29},"end":{"line":75,"column":2}},"27":{"start":{"line":72,"column":41},"end":{"line":75,"column":1}},"28":{"start":{"line":77,"column":36},"end":{"line":80,"column":2}},"29":{"start":{"line":77,"column":48},"end":{"line":80,"column":1}},"30":{"start":{"line":82,"column":36},"end":{"line":85,"column":2}},"31":{"start":{"line":82,"column":46},"end":{"line":85,"column":1}},"32":{"start":{"line":87,"column":34},"end":{"line":90,"column":2}},"33":{"start":{"line":87,"column":46},"end":{"line":90,"column":1}},"34":{"start":{"line":92,"column":41},"end":{"line":95,"column":2}},"35":{"start":{"line":92,"column":53},"end":{"line":95,"column":1}},"36":{"start":{"line":97,"column":41},"end":{"line":100,"column":2}},"37":{"start":{"line":97,"column":51},"end":{"line":100,"column":1}},"38":{"start":{"line":102,"column":29},"end":{"line":105,"column":2}},"39":{"start":{"line":102,"column":41},"end":{"line":105,"column":1}}},"fnMap":{"0":{"name":"(anonymous_0)","decl":{"start":{"line":43,"column":29},"end":{"line":43,"column":30}},"loc":{"start":{"line":43,"column":36},"end":{"line":45,"column":1}},"line":43},"1":{"name":"(anonymous_1)","decl":{"start":{"line":47,"column":36},"end":{"line":47,"column":37}},"loc":{"start":{"line":47,"column":48},"end":{"line":50,"column":1}},"line":47},"2":{"name":"(anonymous_2)","decl":{"start":{"line":52,"column":36},"end":{"line":52,"column":37}},"loc":{"start":{"line":52,"column":48},"end":{"line":55,"column":1}},"line":52},"3":{"name":"(anonymous_3)","decl":{"start":{"line":57,"column":26},"end":{"line":57,"column":27}},"loc":{"start":{"line":57,"column":38},"end":{"line":60,"column":1}},"line":57},"4":{"name":"(anonymous_4)","decl":{"start":{"line":62,"column":33},"end":{"line":62,"column":34}},"loc":{"start":{"line":62,"column":45},"end":{"line":65,"column":1}},"line":62},"5":{"name":"(anonymous_5)","decl":{"start":{"line":67,"column":33},"end":{"line":67,"column":34}},"loc":{"start":{"line":67,"column":43},"end":{"line":70,"column":1}},"line":67},"6":{"name":"(anonymous_6)","decl":{"start":{"line":72,"column":29},"end":{"line":72,"column":30}},"loc":{"start":{"line":72,"column":41},"end":{"line":75,"column":1}},"line":72},"7":{"name":"(anonymous_7)","decl":{"start":{"line":77,"column":36},"end":{"line":77,"column":37}},"loc":{"start":{"line":77,"column":48},"end":{"line":80,"column":1}},"line":77},"8":{"name":"(anonymous_8)","decl":{"start":{"line":82,"column":36},"end":{"line":82,"column":37}},"loc":{"start":{"line":82,"column":46},"end":{"line":85,"column":1}},"line":82},"9":{"name":"(anonymous_9)","decl":{"start":{"line":87,"column":34},"end":{"line":87,"column":35}},"loc":{"start":{"line":87,"column":46},"end":{"line":90,"column":1}},"line":87},"10":{"name":"(anonymous_10)","decl":{"start":{"line":92,"column":41},"end":{"line":92,"column":42}},"loc":{"start":{"line":92,"column":53},"end":{"line":95,"column":1}},"line":92},"11":{"name":"(anonymous_11)","decl":{"start":{"line":97,"column":41},"end":{"line":97,"column":42}},"loc":{"start":{"line":97,"column":51},"end":{"line":100,"column":1}},"line":97},"12":{"name":"(anonymous_12)","decl":{"start":{"line":102,"column":29},"end":{"line":102,"column":30}},"loc":{"start":{"line":102,"column":41},"end":{"line":105,"column":1}},"line":102}},"branchMap":{},"s":{"0":2,"1":2,"2":2,"3":2,"4":2,"5":2,"6":2,"7":2,"8":2,"9":2,"10":2,"11":2,"12":2,"13":2,"14":2,"15":0,"16":2,"17":0,"18":2,"19":0,"20":2,"21":0,"22":2,"23":0,"24":2,"25":0,"26":2,"27":0,"28":2,"29":0,"30":2,"31":0,"32":2,"33":0,"34":2,"35":0,"36":2,"37":0,"38":2,"39":0},"f":{"0":0,"1":0,"2":0,"3":0,"4":0,"5":0,"6":0,"7":0,"8":0,"9":0,"10":0,"11":0,"12":0},"b":{},"_coverageSchema":"332fd63041d2c1bcb487cc26dd0d5f7d97098a6c","hash":"ab83e577b0c4c8c1250dfcf6c319d0f7ef7dd3cb"}
,"/Users/justinwinter/Sites/d8d/front-end/src/redux/article/reducers.js": {"path":"/Users/justinwinter/Sites/d8d/front-end/src/redux/article/reducers.js","statementMap":{"0":{"start":{"line":3,"column":28},"end":{"line":6,"column":1}},"1":{"start":{"line":8,"column":23},"end":{"line":61,"column":1}},"2":{"start":{"line":9,"column":2},"end":{"line":60,"column":3}},"3":{"start":{"line":13,"column":31},"end":{"line":13,"column":51}},"4":{"start":{"line":15,"column":27},"end":{"line":15,"column":34}},"5":{"start":{"line":16,"column":6},"end":{"line":16,"column":57}},"6":{"start":{"line":18,"column":38},"end":{"line":18,"column":58}},"7":{"start":{"line":23,"column":28},"end":{"line":23,"column":48}},"8":{"start":{"line":25,"column":45},"end":{"line":25,"column":52}},"9":{"start":{"line":26,"column":6},"end":{"line":26,"column":54}},"10":{"start":{"line":28,"column":36},"end":{"line":28,"column":56}},"11":{"start":{"line":33,"column":31},"end":{"line":33,"column":51}},"12":{"start":{"line":35,"column":27},"end":{"line":35,"column":34}},"13":{"start":{"line":36,"column":6},"end":{"line":36,"column":36}},"14":{"start":{"line":38,"column":39},"end":{"line":38,"column":59}},"15":{"start":{"line":43,"column":37},"end":{"line":43,"column":57}},"16":{"start":{"line":45,"column":27},"end":{"line":45,"column":34}},"17":{"start":{"line":46,"column":6},"end":{"line":46,"column":36}},"18":{"start":{"line":48,"column":45},"end":{"line":48,"column":65}},"19":{"start":{"line":54,"column":35},"end":{"line":54,"column":42}},"20":{"start":{"line":55,"column":6},"end":{"line":55,"column":44}},"21":{"start":{"line":59,"column":6},"end":{"line":59,"column":19}}},"fnMap":{"0":{"name":"(anonymous_0)","decl":{"start":{"line":8,"column":23},"end":{"line":8,"column":24}},"loc":{"start":{"line":8,"column":75},"end":{"line":61,"column":1}},"line":8}},"branchMap":{"0":{"loc":{"start":{"line":8,"column":24},"end":{"line":8,"column":44}},"type":"default-arg","locations":[{"start":{"line":8,"column":32},"end":{"line":8,"column":44}}],"line":8},"1":{"loc":{"start":{"line":9,"column":2},"end":{"line":60,"column":3}},"type":"switch","locations":[{"start":{"line":13,"column":4},"end":{"line":13,"column":51}},{"start":{"line":14,"column":4},"end":{"line":17,"column":5}},{"start":{"line":18,"column":4},"end":{"line":18,"column":58}},{"start":{"line":23,"column":4},"end":{"line":23,"column":48}},{"start":{"line":24,"column":4},"end":{"line":27,"column":5}},{"start":{"line":28,"column":4},"end":{"line":28,"column":56}},{"start":{"line":33,"column":4},"end":{"line":33,"column":51}},{"start":{"line":34,"column":4},"end":{"line":37,"column":5}},{"start":{"line":38,"column":4},"end":{"line":38,"column":59}},{"start":{"line":43,"column":4},"end":{"line":43,"column":57}},{"start":{"line":44,"column":4},"end":{"line":47,"column":5}},{"start":{"line":48,"column":4},"end":{"line":48,"column":65}},{"start":{"line":53,"column":4},"end":{"line":56,"column":5}},{"start":{"line":58,"column":4},"end":{"line":59,"column":19}}],"line":9}},"s":{"0":2,"1":2,"2":3,"3":0,"4":0,"5":0,"6":0,"7":0,"8":0,"9":0,"10":0,"11":0,"12":0,"13":0,"14":0,"15":0,"16":0,"17":0,"18":0,"19":0,"20":0,"21":3},"f":{"0":3},"b":{"0":[3],"1":[0,0,0,0,0,0,0,0,0,0,0,0,0,3]},"_coverageSchema":"332fd63041d2c1bcb487cc26dd0d5f7d97098a6c","hash":"0786dcb99a2183dc3154c230410c1230f08cd317"}
,"/Users/justinwinter/Sites/d8d/front-end/src/redux/article/sagas.js": {"path":"/Users/justinwinter/Sites/d8d/front-end/src/redux/article/sagas.js","statementMap":{"0":{"start":{"line":23,"column":2},"end":{"line":23,"column":34}},"1":{"start":{"line":24,"column":2},"end":{"line":24,"column":58}},"2":{"start":{"line":26,"column":17},"end":{"line":26,"column":43}},"3":{"start":{"line":27,"column":2},"end":{"line":27,"column":82}},"4":{"start":{"line":31,"column":22},"end":{"line":31,"column":28}},"5":{"start":{"line":32,"column":2},"end":{"line":32,"column":34}},"6":{"start":{"line":33,"column":2},"end":{"line":33,"column":58}},"7":{"start":{"line":35,"column":2},"end":{"line":43,"column":3}},"8":{"start":{"line":36,"column":19},"end":{"line":36,"column":57}},"9":{"start":{"line":37,"column":21},"end":{"line":37,"column":43}},"10":{"start":{"line":38,"column":29},"end":{"line":38,"column":81}},"11":{"start":{"line":38,"column":51},"end":{"line":38,"column":80}},"12":{"start":{"line":39,"column":21},"end":{"line":39,"column":52}},"13":{"start":{"line":40,"column":4},"end":{"line":40,"column":75}},"14":{"start":{"line":42,"column":4},"end":{"line":42,"column":40}},"15":{"start":{"line":47,"column":22},"end":{"line":47,"column":28}},"16":{"start":{"line":48,"column":2},"end":{"line":48,"column":34}},"17":{"start":{"line":49,"column":2},"end":{"line":49,"column":58}},"18":{"start":{"line":51,"column":2},"end":{"line":58,"column":3}},"19":{"start":{"line":52,"column":19},"end":{"line":52,"column":60}},"20":{"start":{"line":53,"column":21},"end":{"line":53,"column":46}},"21":{"start":{"line":54,"column":21},"end":{"line":54,"column":73}},"22":{"start":{"line":54,"column":43},"end":{"line":54,"column":72}},"23":{"start":{"line":55,"column":4},"end":{"line":55,"column":97}},"24":{"start":{"line":57,"column":4},"end":{"line":57,"column":43}},"25":{"start":{"line":62,"column":22},"end":{"line":62,"column":28}},"26":{"start":{"line":63,"column":2},"end":{"line":63,"column":34}},"27":{"start":{"line":64,"column":2},"end":{"line":64,"column":58}},"28":{"start":{"line":66,"column":2},"end":{"line":74,"column":3}},"29":{"start":{"line":67,"column":19},"end":{"line":67,"column":60}},"30":{"start":{"line":68,"column":21},"end":{"line":68,"column":46}},"31":{"start":{"line":69,"column":29},"end":{"line":69,"column":81}},"32":{"start":{"line":69,"column":51},"end":{"line":69,"column":80}},"33":{"start":{"line":70,"column":21},"end":{"line":70,"column":70}},"34":{"start":{"line":71,"column":4},"end":{"line":71,"column":55}},"35":{"start":{"line":73,"column":4},"end":{"line":73,"column":48}},"36":{"start":{"line":78,"column":22},"end":{"line":78,"column":28}},"37":{"start":{"line":79,"column":31},"end":{"line":79,"column":38}},"38":{"start":{"line":80,"column":19},"end":{"line":80,"column":71}},"39":{"start":{"line":80,"column":41},"end":{"line":80,"column":70}},"40":{"start":{"line":81,"column":15},"end":{"line":81,"column":60}},"41":{"start":{"line":83,"column":2},"end":{"line":83,"column":94}},"42":{"start":{"lin
[...]
art":{"line":23,"column":22},"end":{"line":23,"column":77}},"2":{"start":{"line":25,"column":2},"end":{"line":35,"column":3}},"3":{"start":{"line":26,"column":19},"end":{"line":26,"column":54}},"4":{"start":{"line":27,"column":4},"end":{"line":27,"column":31}},"5":{"start":{"line":28,"column":4},"end":{"line":32,"column":5}},"6":{"start":{"line":29,"column":6},"end":{"line":29,"column":38}},"7":{"start":{"line":31,"column":6},"end":{"line":31,"column":88}},"8":{"start":{"line":34,"column":4},"end":{"line":34,"column":35}},"9":{"start":{"line":39,"column":27},"end":{"line":39,"column":41}},"10":{"start":{"line":40,"column":19},"end":{"line":40,"column":53}},"11":{"start":{"line":41,"column":22},"end":{"line":41,"column":86}},"12":{"start":{"line":43,"column":2},"end":{"line":53,"column":3}},"13":{"start":{"line":44,"column":19},"end":{"line":44,"column":54}},"14":{"start":{"line":45,"column":4},"end":{"line":45,"column":31}},"15":{"start":{"line":46,"column":4},"end":{"line":50,"column":5}},"16":{"start":{"line":47,"column":6},"end":{"line":47,"column":53}},"17":{"start":{"line":49,"column":6},"end":{"line":49,"column":53}},"18":{"start":{"line":52,"column":4},"end":{"line":52,"column":50}},"19":{"start":{"line":60,"column":6},"end":{"line":60,"column":27}},"20":{"start":{"line":63,"column":2},"end":{"line":66,"column":3}},"21":{"start":{"line":64,"column":4},"end":{"line":64,"column":31}},"22":{"start":{"line":65,"column":4},"end":{"line":65,"column":74}},"23":{"start":{"line":68,"column":2},"end":{"line":74,"column":3}},"24":{"start":{"line":69,"column":4},"end":{"line":73,"column":5}},"25":{"start":{"line":70,"column":6},"end":{"line":70,"column":56}},"26":{"start":{"line":72,"column":6},"end":{"line":72,"column":43}},"27":{"start":{"line":78,"column":2},"end":{"line":78,"column":69}},"28":{"start":{"line":79,"column":2},"end":{"line":79,"column":86}},"29":{"start":{"line":80,"column":2},"end":{"line":80,"column":81}}},"fnMap":{"0":{"name":"loginRequestSaga","decl":{"start":{"line":21,"column":10},"end":{"line":21,"column":26}},"loc":{"start":{"line":21,"column":35},"end":{"line":36,"column":1}},"line":21},"1":{"name":"refreshTokensRequestSaga","decl":{"start":{"line":38,"column":10},"end":{"line":38,"column":34}},"loc":{"start":{"line":38,"column":43},"end":{"line":54,"column":1}},"line":38},"2":{"name":"tokenExpiredCheckSaga","decl":{"start":{"line":57,"column":10},"end":{"line":57,"column":31}},"loc":{"start":{"line":57,"column":34},"end":{"line":75,"column":1}},"line":57},"3":{"name":"watchOAuth","decl":{"start":{"line":77,"column":17},"end":{"line":77,"column":27}},"loc":{"start":{"line":77,"column":30},"end":{"line":81,"column":1}},"line":77}},"branchMap":{"0":{"loc":{"start":{"line":28,"column":4},"end":{"line":32,"column":5}},"type":"if","locations":[{"start":{"line":28,"column":4},"end":{"line":32,"column":5}},{"start":{"line":28,"column":4},"end":{"line":32,"column":5}}],"line":28},"1":{"loc":{"start":{"line":46,"column":4},"end":{"line":50,"column":5}},"type":"if","locations":[{"start":{"line":46,"column":4},"end":{"line":50,"column":5}},{"start":{"line":46,"column":4},"end":{"line":50,"column":5}}],"line":46},"2":{"loc":{"start":{"line":63,"column":2},"end":{"line":66,"column":3}},"type":"if","locations":[{"start":{"line":63,"column":2},"end":{"line":66,"column":3}},{"start":{"line":63,"column":2},"end":{"line":66,"column":3}}],"line":63},"3":{"loc":{"start":{"line":68,"column":2},"end":{"line":74,"column":3}},"type":"if","locations":[{"start":{"line":68,"column":2},"end":{"line":74,"column":3}},{"start":{"line":68,"column":2},"end":{"line":74,"column":3}}],"line":68},"4":{"loc":{"start":{"line":68,"column":6},"end":{"line":68,"column":32}},"type":"binary-expr","locations":[{"start":{"line":68,"column":6},"end":{"line":68,"column":17}},{"start":{"line":68,"column":21},"end":{"line":68,"column":32}}],"line":68},"5":{"loc":{"start":{"line":69,"column":4},"end":{"line":73,"column":5}},"type":"if","locations":[{"start":{"line":69,"column":4},"end":{"line":73,"column":5}},{"start":{"line":69,"column":4},"end":{"line":73,"column":5}}],"line":69}},"s":{"0":1,"1":1,"2":1,"3":1,"4":1,"5":1,"6":1,"7":0,"8":0,"9":0,"10":0,"11":0,"12":0,"13":0,"14":0,"15":0,"16":0,"17":0,"18":0,"19":0,"20":0,"21":0,"22":0,"23":0,"24":0,"25":0,"26":0,"27":1,"28":1,"29":1},"f":{"0":1,"1":0,"2":0,"3":1},"b":{"0":[1,0],"1":[0,0],"2":[0,0],"3":[0,0],"4":[0,0],"5":[0,0]},"_coverageSchema":"332fd63041d2c1bcb487cc26dd0d5f7d97098a6c","hash":"e7af1c0688522ec3b1bdbf33b373ef37f9c86192"}
,"/Users/justinwinter/Sites/d8d/front-end/src/redux/auth/oauth/utilities.js": {"path":"/Users/justinwinter/Sites/d8d/front-end/src/redux/auth/oauth/utilities.js","statementMap":{"0":{"start":{"line":4,"column":12},"end":{"line":4,"column":45}},"1":{"start":{"line":5,"column":23},"end":{"line":5,"column":43}},"2":{"start":{"line":7,"column":27},"end":{"line":10,"column":1}},"3":{"start":{"line":12,"column":26},"end":{"line":27,"column":4}},"4":{"start":{"line":12,"column":41},"end":{"line":27,"column":4}},"5":{"start":{"line":17,"column":56},"end":{"line":17,"column":69}},"6":{"start":{"line":18,"column":4},"end":{"line":23,"column":7}},"7":{"start":{"line":25,"column":4},"end":{"line":25,"column":23}},"8":{"start":{"line":26,"column":4},"end":{"line":26,"column":17}},"9":{"start":{"line":29,"column":35},"end":{"line":43,"column":1}},"10":{"start":{"line":30,"column":22},"end":{"line":34,"column":3}},"11":{"start":{"line":36,"column":2},"end":{"line":40,"column":3}},"12":{"start":{"line":37,"column":4},"end":{"line":37,"column":36}},"13":{"start":{"line":38,"column":9},"end":{"line":40,"column":3}},"14":{"start":{"line":39,"column":4},"end":{"line":39,"column":45}},"15":{"start":{"line":42,"column":2},"end":{"line":42,"column":21}},"16":{"start":{"line":45,"column":31},"end":{"line":47,"column":1}},"17":{"start":{"line":46,"column":2},"end":{"line":46,"column":47}},"18":{"start":{"line":49,"column":34},"end":{"line":56,"column":1}},"19":{"start":{"line":52,"column":2},"end":{"line":52,"column":53}},"20":{"start":{"line":53,"column":2},"end":{"line":53,"column":55}},"21":{"start":{"line":54,"column":2},"end":{"line":54,"column":53}},"22":{"start":{"line":55,"column":2},"end":{"line":55,"column":56}},"23":{"start":{"line":58,"column":35},"end":{"line":64,"column":2}},"24":{"start":{"line":58,"column":42},"end":{"line":64,"column":1}},"25":{"start":{"line":66,"column":44},"end":{"line":74,"column":1}},"26":{"start":{"line":67,"column":2},"end":{"line":67,"column":43}},"27":{"start":{"line":68,"column":2},"end":{"line":68,"column":40}},"28":{"start":{"line":69,"column":2},"end":{"line":69,"column":41}},"29":{"start":{"line":70,"column":2},"end":{"line":70,"column":46}},"30":{"start":{"line":71,"column":2},"end":{"line":71,"column":42}},"31":{"start":{"line":72,"column":2},"end":{"line":72,"column":48}},"32":{"start":{"line":73,"column":2},"end":{"line":73,"column":35}},"33":{"start":{"line":92,"column":28},"end":{"line":106,"column":1}},"34":{"start":{"line":93,"column":22},"end":{"line":93,"column":42}},"35":{"start":{"line":94,"column":21},"end":{"line":94,"column":56}},"36":{"start":{"line":96,"column":25},"end":{"line":96,"column":50}},"37":{"start":{"line":97,"column":26},"end":{"line":97,"column":65}},"38":{"start":{"line":102,"column":2},"end":{"line":104,"column":3}},"39":{"start":{"line":103,"column":4},"end":{"line":103,"column":16}},"40":{"start":{"line":105,"column":2},"end":{"line":105,"column":15}}},"fnMap":{"0":{"name":"(anonymous_0)","decl":{"start":{"line":12,"column":26},"end":{"line":12,"column":27}},"loc":{"start":{"line":12,"column":41},"end":{"line":27,"column":4}},"line":12},"1":{"name":"(anonymous_1)","decl":{"start":{"line":16,"column":8},"end":{"line":16,"column":9}},"loc":{"start":{"line":16,"column":22},"end":{"line":24,"column":3}},"line":16},"2":{"name":"(anonymous_2)","decl":{"start":{"line":24,"column":11},"end":{"line":24,"column":12}},"loc":{"start":{"line":24,"column":22},"end":{"line":27,"column":3}},"line":24},"3":{"name":"(anonymous_3)","decl":{"start":{"line":29,"column":35},"end":{"line":29,"column":36}},"loc":{"start":{"line":29,"column":102},"end":{"line":43,"column":1}},"line":29},"4":{"name":"(anonymous_4)","decl":{"start":{"line":45,"column":31},"end":{"line":45,"column":32}},"loc":{"start":{"line":45,"column":45},"end":{"line":47,"column":1}},"line":45},"5":{"name":"(anonymous_5)","decl":{"start":{"line":49,"column":34},"end":{"line":49,"column":35}},"loc":{"start":{"line":51,"column":6},"end":{"line":56,"column":1}},"line":51},"6":{"name":"(anonymous_6)","decl":{"start":{"line":58,"column":35},"end":{"line":58,"column":36}},"loc":{"start":{"line":58,"column":42},"end":{"line":64,"column":1}},"line":58},"7":{"name":"(anonymous_7)","decl":{"start":{"line":66,"column":44},"end":{"line":66,"column":45}},"loc":{"start":{"line":66,"column":50},"end":{"line":74,"column":1}},"line":66},"8":{"name":"(anonymous_8)","decl":{"start":{"line":92,"column":28},"end":{"line":92,"column":29}},"loc":{"start":{"line":92,"column":75},"end":{"line":106,"column":1}},"line":92}},"branchMap":{"0":{"loc":{"start":{"line":29,"column":36},"end":{"line":29,"column":53}},"type":"default-arg","locations":[{"start":{"line":29,"column":43},"end":{"line":29,"column":53}}],"line":29},"1":{"loc":{"start":{"line":29,"column":65},"end":{"line":29,"column":78}},"type":"default-arg","locations":[{"start":{"line":29,"column":76},"end":{"line":29,"column":78}}],"line":29},"2":{"loc":{"start":{"line":29,"column":80},"end":{"line":29,"column":97}},"type":"default-arg","locations":[{"start":{"line":29,"column":95},"end":{"line":29,"column":97}}],"line":29},"3":{"loc":{"start":{"line":36,"column":2},"end":{"line":40,"column":3}},"type":"if","locations":[{"start":{"line":36,"column":2},"end":{"line":40,"column":3}},{"start":{"line":36,"column":2},"end":{"line":40,"column":3}}],"line":36},"4":{"loc":{"start":{"line":38,"column":9},"end":{"line":40,"column":3}},"type":"if","locations":[{"start":{"line":38,"column":9},"end":{"line":40,"column":3}},{"start":{"line":38,"column":9},"end":{"line":40,"column":3}}],"line":38},"5":{"loc":{"start":{"line":102,"column":2},"end":{"line":104,"column":3}},"type":"if","locations":[{"start":{"line":102,"column":2},"end":{"line":104,"column":3}},{"start":{"line":102,"column":2},"end":{"line":104,"column":3}}],"line":102},"6":{"loc":{"start":{"line":102,"column":6},"end":{"line":102,"column":55}},"type":"binary-expr","locations":[{"start":{"line":102,"column":6},"end":{"line":102,"column":17}},{"start":{"line":102,"column":22},"end":{"line":102,"column":54}}],"line":102}},"s":{"0":4,"1":4,"2":4,"3":4,"4":2,"5":2,"6":2,"7":0,"8":0,"9":4,"10":3,"11":3,"12":3,"13":0,"14":0,"15":3,"16":4,"17":1,"18":4,"19":2,"20":2,"21":2,"22":2,"23":4,"24":2,"25":4,"26":2,"27":2,"28":2,"29":2,"30":2,"31":2,"32":2,"33":4,"34":2,"35":2,"36":2,"37":2,"38":2,"39":1,"40":1},"f":{"0":2,"1":2,"2":0,"3":3,"4":1,"5":2,"6":2,"7":2,"8":2},"b":{"0":[0],"1":[0],"2":[1],"3":[3,0],"4":[0,0],"5":[1,1],"6":[2,2]},"_coverageSchema":"332fd63041d2c1bcb487cc26dd0d5f7d97098a6c","hash":"70e6ae62eb2beab7eee0f8f1d53d909b2e0642d4"}
,"/Users/justinwinter/Sites/d8d/front-end/src/routes/PrivateRoute.js": {"path":"/Users/justinwinter/Sites/d8d/front-end/src/routes/PrivateRoute.js","statementMap":{"0":{"start":{"line":7,"column":24},"end":{"line":7,"column":72}},"1":{"start":{"line":7,"column":31},"end":{"line":7,"column":71}},"2":{"start":{"line":9,"column":30},"end":{"line":16,"column":1}},"3":{"start":{"line":10,"column":2},"end":{"line":15,"column":4}},"4":{"start":{"line":18,"column":0},"end":{"line":22,"column":2}},"5":{"start":{"line":24,"column":21},"end":{"line":27,"column":26}},"6":{"start":{"line":24,"column":39},"end":{"line":27,"column":1}}},"fnMap":{"0":{"name":"(anonymous_0)","decl":{"start":{"line":7,"column":24},"end":{"line":7,"column":25}},"loc":{"start":{"line":7,"column":31},"end":{"line":7,"column":71}},"line":7},"1":{"name":"(anonymous_1)","decl":{"start":{"line":9,"column":30},"end":{"line":9,"column":31}},"loc":{"start":{"line":10,"column":2},"end":{"line":15,"column":4}},"line":10},"2":{"name":"(anonymous_2)","decl":{"start":{"line":24,"column":29},"end":{"line":24,"column":30}},"loc":{"start":{"line":24,"column":39},"end":{"line":27,"column":1}},"line":24}},"branchMap":{"0":{"loc":{"start":{"line":12,"column":15},"end":{"line":14,"column":21}},"type":"cond-expr","locations":[{"start":{"line":13,"column":6},"end":{"line":13,"column":21}},{"start":{"line":14,"column":6},"end":{"line":14,"column":21}}],"line":12},"1":{"loc":{"start":{"line":12,"column":15},"end":{"line":12,"column":57}},"type":"binary-expr","locations":[{"start":{"line":12,"column":15},"end":{"line":12,"column":36}},{"start":{"line":12,"column":40},"end":{"line":12,"column":57}}],"line":12}},"s":{"0":1,"1":0,"2":1,"3":0,"4":1,"5":1,"6":0},"f":{"0":0,"1":0,"2":0},"b":{"0":[0,0],"1":[0,0]},"_coverageSchema":"332fd63041d2c1bcb487cc26dd0d5f7d97098a6c","hash":"70d9b68792f0dc4013fe5c4b092a1a137c7db2a5"}
,"/Users/justinwinter/Sites/d8d/front-end/src/routes/index.js": {"path":"/Users/justinwinter/Sites/d8d/front-end/src/routes/index.js","statementMap":{"0":{"start":{"line":17,"column":24},"end":{"line":17,"column":94}},"1":{"start":{"line":17,"column":42},"end":{"line":17,"column":84}},"2":{"start":{"line":19,"column":24},"end":{"line":23,"column":2}},"3":{"start":{"line":19,"column":34},"end":{"line":23,"column":1}},"4":{"start":{"line":25,"column":15},"end":{"line":28,"column":2}},"5":{"start":{"line":26,"column":2},"end":{"line":26,"column":21}},"6":{"start":{"line":27,"column":2},"end":{"line":27,"column":29}},"7":{"start":{"line":30,"column":15},"end":{"line":41,"column":3}},"8":{"start":{"line":32,"column":4},"end":{"line":40,"column":22}}},"fnMap":{"0":{"name":"(anonymous_0)","decl":{"start":{"line":17,"column":32},"end":{"line":17,"column":33}},"loc":{"start":{"line":17,"column":42},"end":{"line":17,"column":84}},"line":17},"1":{"name":"(anonymous_1)","decl":{"start":{"line":19,"column":24},"end":{"line":19,"column":25}},"loc":{"start":{"line":19,"column":34},"end":{"line":23,"column":1}},"line":19},"2":{"name":"(anonymous_2)","decl":{"start":{"line":25,"column":25},"end":{"line":25,"column":26}},"loc":{"start":{"line":25,"column":43},"end":{"line":28,"column":1}},"line":25},"3":{"name":"(anonymous_3)","decl":{"start":{"line":30,"column":15},"end":{"line":30,"column":16}},"loc":{"start":{"line":32,"column":4},"end":{"line":40,"column":22}},"line":32}},"branchMap":{},"s":{"0":1,"1":0,"2":1,"3":0,"4":1,"5":0,"6":0,"7":1,"8":0},"f":{"0":0,"1":0,"2":0,"3":0},"b":{},"_coverageSchema":"332fd63041d2c1bcb487cc26dd0d5f7d97098a6c","hash":"4c0baad0b6155473527e51b98d6d548a1c96feac"}
,"/Users/justinwinter/Sites/d8d/front-end/src/utils/ImageHelpers.js": {"path":"/Users/justinwinter/Sites/d8d/front-end/src/utils/ImageHelpers.js","statementMap":{"0":{"start":{"line":2,"column":15},"end":{"line":2,"column":31}},"1":{"start":{"line":3,"column":2},"end":{"line":3,"column":29}},"2":{"start":{"line":4,"column":2},"end":{"line":13,"column":3}},"3":{"start":{"line":5,"column":18},"end":{"line":5,"column":37}},"4":{"start":{"line":7,"column":16},"end":{"line":7,"column":27}},"5":{"start":{"line":8,"column":4},"end":{"line":8,"column":24}},"6":{"start":{"line":9,"column":4},"end":{"line":12,"column":6}},"7":{"start":{"line":10,"column":27},"end":{"line":10,"column":71}},"8":{"start":{"line":11,"column":6},"end":{"line":11,"column":25}},"9":{"start":{"line":17,"column":15},"end":{"line":17,"column":47}},"10":{"start":{"line":19,"column":14},"end":{"line":19,"column":25}},"11":{"start":{"line":20,"column":15},"end":{"line":20,"column":27}},"12":{"start":{"line":22,"column":2},"end":{"line":32,"column":3}},"13":{"start":{"line":23,"column":4},"end":{"line":26,"column":5}},"14":{"start":{"line":24,"column":6},"end":{"line":24,"column":53}},"15":{"start":{"line":25,"column":6},"end":{"line":25,"column":23}},"16":{"start":{"line":28,"column":4},"end":{"line":31,"column":5}},"17":{"start":{"line":29,"column":6},"end":{"line":29,"column":53}},"18":{"start":{"line":30,"column":6},"end":{"line":30,"column":25}},"19":{"start":{"line":34,"column":2},"end":{"line":34,"column":23}},"20":{"start":{"line":35,"column":2},"end":{"line":35,"column":25}},"21":{"start":{"line":37,"column":12},"end":{"line":37,"column":35}},"22":{"start":{"line":38,"column":2},"end":{"line":38,"column":44}},"23":{"start":{"line":39,"column":2},"end":{"line":39,"column":49}},"24":{"start":{"line":43,"column":2},"end":{"line":43,"column":34}},"25":{"start":{"line":44,"column":2},"end":{"line":44,"column":31}},"26":{"start":{"line":46,"column":23},"end":{"line":46,"column":36}},"27":{"start":{"line":47,"column":19},"end":{"line":47,"column":21}},"28":{"start":{"line":49,"column":2},"end":{"line":60,"column":3}},"29":{"start":{"line":50,"column":16},"end":{"line":50,"column":64}},"30":{"start":{"line":52,"column":22},"end":{"line":52,"column":45}},"31":{"start":{"line":53,"column":4},"end":{"line":55,"column":5}},"32":{"start":{"line":54,"column":6},"end":{"line":54,"column":43}},"33":{"start":{"line":57,"column":20},"end":{"line":57,"column":47}},"34":{"start":{"line":59,"column":4},"end":{"line":59,"column":31}},"35":{"start":{"line":62,"column":13},"end":{"line":62,"column":54}},"36":{"start":{"line":63,"column":2},"end":{"line":63,"column":14}}},"fnMap":{"0":{"name":"readFile","decl":{"start":{"line":1,"column":16},"end":{"line":1,"column":24}},"loc":{"start":{"line":1,"column":56},"end":{"line":14,"column":1}},"line":1},"1":{"name":"(anonymous_1)","decl":{"start":{"line":4,"column":18},"end":{"line":4,"column":19}},"loc":{"start":{"line":4,"column":35},"end":{"line":13,"column":3}},"line":4},"2":{"name":"(anonymous_2)","decl":{"start":{"line":9,"column":19},"end":{"line":9,"column":20}},"loc":{"start":{"line":9,"column":25},"end":{"line":12,"column":5}},"line":9},"3":{"name":"resizeImage","decl":{"start":{"line":16,"column":16},"end":{"line":16,"column":27}},"loc":{"start":{"line":16,"column":65},"end":{"line":40,"column":1}},"line":16},"4":{"name":"b64toBlob","decl":{"start":{"line":42,"column":16},"end":{"line":42,"column":25}},"loc":{"start":{"line":42,"column":59},"end":{"line":64,"column":1}},"line":42}},"branchMap":{"0":{"loc":{"start":{"line":22,"column":2},"end":{"line":32,"column":3}},"type":"if","locations":[{"start":{"line":22,"column":2},"end":{"line":32,"column":3}},{"start":{"line":22,"column":2},"end":{"line":32,"column":3}}],"line":22},"1":{"loc":{"start":{"line":23,"column":4},"end":{"line":26,"column":5}},"type":"if","locations":[{"start":{"line":23,"column":4},"end":{"line":26,"column":5}},{"start":{"line":23,"column":4},"end":{"line":26,"column":5}}],"line":23},"2":{"loc":{"start":{"line":28,"column":4},"end":{"line":31,"column":5}},"type":"if","locations":[{"start":{"line":28,"column":4},"end":{"line":31,"column":5}},{"start":{"line":28,"column":4},"end":{"line":31,"column":5}}],"line":28},"3":{"loc":{"start":{"line":43,"column":16},"end":{"line":43,"column":33}},"type":"binary-expr","locations":[{"start":{"line":43,"column":16},"end":{"line":43,"column":27}},{"start":{"line":43,"column":31},"end":{"line":43,"column":33}}],"line":43},"4":{"loc":{"start":{"line":44,"column":14},"end":{"line":44,"column":30}},"type":"binary-expr","locations":[{"start":{"line":44,"column":14},"end":{"line":44,"column":23}},{"start":{"line":44,"column":27},"end":{"line":44,"column":30}}],"line":44}},"s":{"0":0,"1":0,"2":0,"3":0,"4":0,"5":0,"6":0,"7":0,"8":0,"9":0,"10":0,"11":0,"12":0,"13":0,"14":0,"15":0,"16":0,"17":0,"18":0,"19":0,"20":0,"21":0,"22":0,"23":0,"24":0,"25":0,"26":0,"27":0,"28":0,"29":0,"30":0,"31":0,"32":0,"33":0,"34":0,"35":0,"36":0},"f":{"0":0,"1":0,"2":0,"3":0,"4":0},"b":{"0":[0,0],"1":[0,0],"2":[0,0],"3":[0,0],"4":[0,0]},"_coverageSchema":"332fd63041d2c1bcb487cc26dd0d5f7d97098a6c","hash":"dc064c3c5c69a8cee9f81eec8e5e437e5b2bd0c7"}
}
