TN:
SF:/Users/justinwinter/Sites/d8d/front-end/src/api/apolloClient.js
FN:10,(anonymous_0)
FN:12,(anonymous_1)
FN:14,(anonymous_2)
FN:19,(anonymous_3)
FNF:4
FNH:0
FNDA:0,(anonymous_0)
FNDA:0,(anonymous_1)
FNDA:0,(anonymous_2)
FNDA:0,(anonymous_3)
DA:7,2
DA:8,2
DA:10,2
DA:12,2
DA:14,2
DA:15,0
DA:16,0
DA:19,0
DA:25,0
DA:28,2
DA:32,2
DA:34,2
LF:12
LH:8
BRDA:8,0,0,2
BRDA:8,0,1,0
BRDA:21,1,0,0
BRDA:21,1,1,0
BRDA:22,2,0,0
BRDA:22,2,1,0
BRF:6
BRH:1
end_of_record
TN:
SF:/Users/justinwinter/Sites/d8d/front-end/src/api/apolloProxy.js
FN:48,(anonymous_0)
FN:67,(anonymous_1)
FN:99,(anonymous_2)
FN:122,(anonymous_3)
FN:149,(anonymous_4)
FNF:5
FNH:0
FNDA:0,(anonymous_0)
FNDA:0,(anonymous_1)
FNDA:0,(anonymous_2)
FNDA:0,(anonymous_3)
FNDA:0,(anonymous_4)
DA:9,2
DA:40,2
DA:48,2
DA:52,2
DA:67,2
DA:83,2
DA:99,2
DA:106,2
DA:122,2
DA:129,2
DA:149,2
DA:151,0
DA:161,2
DA:167,2
LF:14
LH:13
BRF:0
BRH:0
end_of_record
TN:
SF:/Users/justinwinter/Sites/d8d/front-end/src/components/App.js
FN:7,(anonymous_0)
FN:13,(anonymous_1)
FN:22,(anonymous_2)
FN:29,(anonymous_3)
FNF:4
FNH:2
FNDA:0,(anonymous_0)
FNDA:1,(anonymous_1)
FNDA:0,(anonymous_2)
FNDA:1,(anonymous_3)
DA:7,1
DA:8,0
DA:13,1
DA:14,1
DA:22,1
DA:23,0
DA:29,1
DA:30,1
DA:31,1
DA:32,0
DA:35,1
DA:36,0
DA:39,1
DA:42,1
DA:48,1
LF:15
LH:11
BRDA:30,0,0,0
BRDA:31,1,0,0
BRDA:31,1,1,1
BRDA:35,2,0,0
BRDA:35,2,1,1
BRDA:35,3,0,1
BRDA:35,3,1,1
BRF:7
BRH:4
end_of_record
TN:
SF:/Users/justinwinter/Sites/d8d/front-end/src/components/Card.js
FN:5,(anonymous_0)
FN:13,(anonymous_1)
FN:14,(anonymous_2)
FNF:3
FNH:1
FNDA:1,(anonymous_0)
FNDA:0,(anonymous_1)
FNDA:0,(anonymous_2)
DA:5,3
DA:6,1
DA:7,1
DA:13,0
DA:14,0
DA:46,3
LF:6
LH:4
BRDA:18,0,0,1
BRDA:18,0,1,0
BRDA:26,1,0,0
BRDA:26,1,1,1
BRDA:27,2,0,1
BRDA:27,2,1,0
BRF:6
BRH:3
end_of_record
TN:
SF:/Users/justinwinter/Sites/d8d/front-end/src/components/List.js
FN:9,(anonymous_0)
FN:22,(anonymous_1)
FN:22,(anonymous_2)
FN:27,(anonymous_3)
FN:32,(anonymous_4)
FN:42,(anonymous_5)
FN:44,(anonymous_6)
FNF:7
FNH:3
FNDA:0,(anonymous_0)
FNDA:1,(anonymous_1)
FNDA:10,(anonymous_2)
FNDA:0,(anonymous_3)
FNDA:1,(anonymous_4)
FNDA:0,(anonymous_5)
FNDA:0,(anonymous_6)
DA:9,2
DA:10,0
DA:18,2
DA:22,2
DA:23,10
DA:27,0
DA:32,2
DA:35,1
DA:36,1
DA:42,0
DA:44,0
DA:72,2
LF:12
LH:8
BRF:0
BRH:0
end_of_record
TN:
SF:/Users/justinwinter/Sites/d8d/front-end/src/components/Login.js
FN:6,(anonymous_0)
FNF:1
FNH:1
FNDA:15,(anonymous_0)
DA:6,3
DA:9,15
DA:10,15
DA:40,3
DA:46,3
LF:5
LH:5
BRDA:34,0,0,3
BRDA:34,0,1,12
BRF:2
BRH:2
end_of_record
TN:
SF:/Users/justinwinter/Sites/d8d/front-end/src/components/Navbar.js
FN:7,(anonymous_0)
FN:14,(anonymous_1)
FN:18,(anonymous_2)
FN:43,(anonymous_3)
FN:67,(anonymous_4)
FN:84,(anonymous_5)
FNF:6
FNH:1
FNDA:2,(anonymous_0)
FNDA:0,(anonymous_1)
FNDA:0,(anonymous_2)
FNDA:0,(anonymous_3)
FNDA:0,(anonymous_4)
FNDA:0,(anonymous_5)
DA:7,2
DA:8,2
DA:15,0
DA:16,0
DA:18,0
DA:43,0
DA:67,0
DA:79,2
DA:84,2
LF:9
LH:4
BRDA:39,0,0,0
BRDA:39,0,1,2
BRDA:64,1,0,0
BRDA:64,1,1,2
BRF:4
BRH:2
end_of_record
TN:
SF:/Users/justinwinter/Sites/d8d/front-end/src/components/frames/gallery/BrowseButton.js
FN:4,(anonymous_0)
FNF:1
FNH:0
FNDA:0,(anonymous_0)
DA:4,2
DA:5,0
DA:6,0
DA:7,0
DA:8,0
DA:9,0
DA:12,0
DA:16,0
DA:23,2
DA:29,2
LF:10
LH:3
BRDA:4,0,0,0
BRDA:4,1,0,0
BRDA:6,2,0,0
BRDA:6,2,1,0
BRDA:8,3,0,0
BRDA:8,3,1,0
BRDA:12,4,0,0
BRDA:12,4,1,0
BRF:8
BRH:0
end_of_record
TN:
SF:/Users/justinwinter/Sites/d8d/front-end/src/components/frames/gallery/Gallery.js
FN:8,(anonymous_0)
FN:25,(anonymous_1)
FN:44,(anonymous_2)
FN:47,(anonymous_3)
FN:63,(anonymous_4)
FN:76,(anonymous_5)
FNF:6
FNH:1
FNDA:1,(anonymous_0)
FNDA:0,(anonymous_1)
FNDA:0,(anonymous_2)
FNDA:0,(anonymous_3)
FNDA:0,(anonymous_4)
FNDA:0,(anonymous_5)
DA:8,2
DA:20,1
DA:25,0
DA:45,0
DA:47,0
DA:64,0
DA:65,0
DA:66,0
DA:77,0
DA:83,0
DA:92,2
DA:103,2
LF:12
LH:4
BRDA:13,0,0,0
BRDA:23,1,0,1
BRDA:23,1,1,0
BRDA:39,2,0,1
BRDA:39,2,1,0
BRDA:56,3,0,0
BRDA:56,3,1,1
BRDA:65,4,0,0
BRDA:65,4,1,0
BRDA:71,5,0,0
BRDA:71,5,1,0
BRDA:73,6,0,0
BRDA:73,6,1,0
BRDA:74,7,0,0
BRDA:74,7,1,0
BRDA:75,8,0,0
BRDA:75,8,1,0
BRF:17
BRH:3
end_of_record
TN:
SF:/Users/justinwinter/Sites/d8d/front-end/src/components/frames/gallery/Thumbnail.js
FN:4,(anonymous_0)
FN:43,(anonymous_1)
FN:55,(anonymous_2)
FNF:3
FNH:3
FNDA:9,(anonymous_0)
FNDA:1,(anonymous_1)
FNDA:1,(anonymous_2)
DA:4,3
DA:15,9
DA:16,9
DA:17,9
DA:18,9
DA:19,9
DA:21,9
DA:43,1
DA:55,1
DA:61,3
LF:10
LH:10
BRDA:16,0,0,8
BRDA:16,0,1,1
BRDA:17,1,0,8
BRDA:17,1,1,1
BRDA:29,2,0,2
BRDA:29,2,1,7
BRDA:29,3,0,9
BRDA:29,3,1,2
BRDA:51,4,0,1
BRDA:51,4,1,8
BRDA:54,5,0,6
BRDA:54,5,1,3
BRDA:54,6,0,9
BRDA:54,6,1,7
BRF:14
BRH:14
end_of_record
TN:
SF:/Users/justinwinter/Sites/d8d/front-end/src/containers/AppContainer.js
FN:10,_interopRequireDefault
FN:13,(anonymous_1)
FN:20,(anonymous_2)
FN:40,(anonymous_3)
FNF:4
FNH:0
FNDA:0,_interopRequireDefault
FNDA:0,(anonymous_1)
FNDA:0,(anonymous_2)
FNDA:0,(anonymous_3)
DA:1,0
DA:2,0
DA:3,0
DA:5,0
DA:7,0
DA:8,0
DA:10,0
DA:14,0
DA:15,0
DA:16,0
DA:21,0
DA:31,0
DA:34,0
DA:40,0
DA:42,0
LF:15
LH:0
BRDA:10,0,0,0
BRDA:10,0,1,0
BRDA:10,1,0,0
BRDA:10,1,1,0
BRDA:15,2,0,0
BRDA:15,2,1,0
BRF:6
BRH:0
end_of_record
TN:
SF:/Users/justinwinter/Sites/d8d/front-end/src/containers/EditPage.js
FN:15,(anonymous_0)
FN:30,(anonymous_1)
FN:34,(anonymous_2)
FN:38,(anonymous_3)
FN:57,(anonymous_4)
FN:68,(anonymous_5)
FN:77,(anonymous_6)
FN:106,(anonymous_7)
FNF:8
FNH:0
FNDA:0,(anonymous_0)
FNDA:0,(anonymous_1)
FNDA:0,(anonymous_2)
FNDA:0,(anonymous_3)
FNDA:0,(anonymous_4)
FNDA:0,(anonymous_5)
FNDA:0,(anonymous_6)
FNDA:0,(anonymous_7)
DA:16,0
DA:18,0
DA:19,0
DA:20,0
DA:22,0
DA:31,0
DA:35,0
DA:36,0
DA:38,0
DA:39,0
DA:46,0
DA:60,0
DA:61,0
DA:62,0
DA:63,0
DA:66,0
DA:68,0
DA:78,0
DA:79,0
DA:96,1
DA:106,1
DA:110,1
LF:22
LH:3
BRDA:25,0,0,0
BRDA:25,0,1,0
BRDA:25,1,0,0
BRDA:25,1,1,0
BRDA:26,2,0,0
BRDA:26,2,1,0
BRDA:41,3,0,0
BRDA:41,3,1,0
BRDA:61,4,0,0
BRDA:61,4,1,0
BRDA:62,5,0,0
BRDA:62,5,1,0
BRF:12
BRH:0
end_of_record
TN:
SF:/Users/justinwinter/Sites/d8d/front-end/src/containers/GalleryFrame.js
FN:19,(anonymous_0)
FN:40,(anonymous_1)
FN:51,(anonymous_2)
FN:57,(anonymous_3)
FN:59,(anonymous_4)
FN:65,(anonymous_5)
FN:72,(anonymous_6)
FN:74,(anonymous_7)
FN:77,(anonymous_8)
FN:91,(anonymous_9)
FN:91,(anonymous_10)
FN:93,(anonymous_11)
FN:93,(anonymous_12)
FN:95,(anonymous_13)
FN:98,(anonymous_14)
FN:99,(anonymous_15)
FN:103,(anonymous_16)
FN:104,(anonymous_17)
FN:109,(anonymous_18)
FN:111,(anonymous_19)
FN:126,(anonymous_20)
FN:134,(anonymous_21)
FN:139,(anonymous_22)
FN:153,(anonymous_23)
FN:153,(anonymous_24)
FN:158,(anonymous_25)
FN:165,(anonymous_26)
FN:165,(anonymous_27)
FN:170,(anonymous_28)
FN:175,(anonymous_29)
FN:183,(anonymous_30)
FN:189,(anonymous_31)
FN:220,(anonymous_32)
FN:220,(anonymous_33)
FN:223,(anonymous_34)
FN:232,(anonymous_35)
FN:235,(anonymous_36)
FN:241,(anonymous_37)
FN:243,(anonymous_38)
FN:272,(anonymous_39)
FNF:40
FNH:0
FNDA:0,(anonymous_0)
FNDA:0,(anonymous_1)
FNDA:0,(anonymous_2)
FNDA:0,(anonymous_3)
FNDA:0,(anonymous_4)
FNDA:0,(anonymous_5)
FNDA:0,(anonymous_6)
FNDA:0,(anonymous_7)
FNDA:0,(anonymous_8)
FNDA:0,(anonymous_9)
FNDA:0,(anonymous_10)
FNDA:0,(anonymous_11)
FNDA:0,(anonymous_12)
FNDA:0,(anonymous_13)
FNDA:0,(anonymous_14)
FNDA:0,(anonymous_15)
FNDA:0,(anonymous_16)
FNDA:0,(anonymous_17)
FNDA:0,(anonymous_18)
FNDA:0,(anonymous_19)
FNDA:0,(anonymous_20)
FNDA:0,(anonymous_21)
FNDA:0,(anonymous_22)
FNDA:0,(anonymous_23)
FNDA:0,(anonymous_24)
FNDA:0,(anonymous_25)
FNDA:0,(anonymous_26)
FNDA:0,(anonymous_27)
FNDA:0,(anonymous_28)
FNDA:0,(anonymous_29)
FNDA:0,(anonymous_30)
FNDA:0,(anonymous_31)
FNDA:0,(anonymous_32)
FNDA:0,(anonymous_33)
FNDA:0,(anonymous_34)
FNDA:0,(anonymous_35)
FNDA:0,(anonymous_36)
FNDA:0,(anonymous_37)
FNDA:0,(anonymous_38)
FNDA:0,(anonymous_39)
DA:20,0
DA:22,0
DA:24,0
DA:25,0
DA:41,0
DA:42,0
DA:43,0
DA:45,0
DA:46,0
DA:52,0
DA:53,0
DA:54,0
DA:59,0
DA:60,0
DA:61,0
DA:66,0
DA:73,0
DA:74,0
DA:78,0
DA:79,0
DA:80,0
DA:81,0
DA:82,0
DA:91,0
DA:93,0
DA:97,0
DA:98,0
DA:99,0
DA:100,0
DA:104,0
DA:106,0
DA:110,0
DA:111,0
DA:112,0
DA:117,0
DA:127,0
DA:128,0
DA:129,0
DA:135,0
DA:136,0
DA:140,0
DA:154,0
DA:155,0
DA:156,0
DA:157,0
DA:160,0
DA:166,0
DA:168,0
DA:171,0
DA:173,0
DA:177,0
DA:181,0
DA:182,0
DA:184,0
DA:185,0
DA:186,0
DA:187,0
DA:190,0
DA:191,0
DA:192,0
DA:193,0
DA:196,0
DA:200,0
DA:201,0
DA:203,0
DA:204,0
DA:205,0
DA:206,0
DA:208,0
DA:216,0
DA:221,0
DA:222,0
DA:223,0
DA:229,0
DA:230,0
DA:231,0
DA:234,0
DA:235,0
DA:236,0
DA:242,0
DA:243,0
DA:244,0
DA:246,0
DA:253,0
DA:273,0
DA:284,1
DA:290,1
LF:87
LH:2
BRDA:45,0,0,0
BRDA:45,0,1,0
BRDA:80,1,0,0
BRDA:80,1,1,0
BRDA:98,2,0,0
BRDA:98,2,1,0
BRDA:153,3,0,0
BRDA:165,4,0,0
BRDA:185,5,0,0
BRDA:185,5,1,0
BRDA:190,6,0,0
BRDA:190,6,1,0
BRDA:191,7,0,0
BRDA:191,7,1,0
BRDA:200,8,0,0
BRDA:200,8,1,0
BRDA:204,9,0,0
BRDA:204,9,1,0
BRDA:220,10,0,0
BRDA:241,11,0,0
BRF:20
BRH:0
end_of_record
TN:
SF:/Users/justinwinter/Sites/d8d/front-end/src/containers/HomePage.js
FN:6,(anonymous_0)
FNF:1
FNH:0
FNDA:0,(anonymous_0)
DA:6,1
DA:7,0
DA:12,1
LF:3
LH:2
BRDA:7,0,0,0
BRDA:7,0,1,0
BRF:2
BRH:0
end_of_record
TN:
SF:/Users/justinwinter/Sites/d8d/front-end/src/containers/ListPage.js
FN:21,(anonymous_0)
FN:31,(anonymous_1)
FN:43,(anonymous_2)
FN:55,(anonymous_3)
FN:60,(anonymous_4)
FN:66,(anonymous_5)
FN:79,(anonymous_6)
FN:96,(anonymous_7)
FNF:8
FNH:0
FNDA:0,(anonymous_0)
FNDA:0,(anonymous_1)
FNDA:0,(anonymous_2)
FNDA:0,(anonymous_3)
FNDA:0,(anonymous_4)
FNDA:0,(anonymous_5)
FNDA:0,(anonymous_6)
FNDA:0,(anonymous_7)
DA:22,0
DA:23,0
DA:32,0
DA:34,0
DA:35,0
DA:37,0
DA:38,0
DA:44,0
DA:56,0
DA:57,0
DA:61,0
DA:62,0
DA:67,0
DA:68,0
DA:80,0
DA:92,1
DA:96,1
DA:101,1
LF:18
LH:3
BRF:0
BRH:0
end_of_record
TN:
SF:/Users/justinwinter/Sites/d8d/front-end/src/containers/LoginPage.js
FN:14,(anonymous_0)
FN:22,(anonymous_1)
FN:37,(anonymous_2)
FNF:3
FNH:3
FNDA:3,(anonymous_0)
FNDA:2,(anonymous_1)
FNDA:12,(anonymous_2)
DA:15,3
DA:16,3
DA:17,3
DA:23,2
DA:25,2
DA:26,2
DA:27,2
DA:30,0
DA:31,0
DA:38,12
DA:40,12
DA:41,1
DA:44,11
DA:45,1
DA:48,10
DA:59,2
DA:66,2
LF:17
LH:15
BRDA:16,0,0,0
BRDA:16,0,1,3
BRDA:25,1,0,2
BRDA:25,1,1,0
BRDA:25,2,0,2
BRDA:25,2,1,1
BRDA:40,3,0,1
BRDA:40,3,1,11
BRDA:44,4,0,1
BRDA:44,4,1,10
BRF:10
BRH:8
end_of_record
TN:
SF:/Users/justinwinter/Sites/d8d/front-end/src/redux/configureStore.js
FN:13,(anonymous_0)
FN:22,(anonymous_1)
FN:27,(anonymous_2)
FNF:3
FNH:0
FNDA:0,(anonymous_0)
FNDA:0,(anonymous_1)
FNDA:0,(anonymous_2)
DA:11,1
DA:13,1
DA:14,0
DA:15,0
DA:16,0
DA:22,0
DA:25,0
DA:27,0
DA:28,0
DA:31,0
LF:10
LH:2
BRDA:22,0,0,0
BRDA:22,0,1,0
BRF:2
BRH:0
end_of_record
TN:
SF:/Users/justinwinter/Sites/d8d/front-end/src/redux/localStorage.js
FN:1,(anonymous_0)
FN:15,(anonymous_1)
FNF:2
FNH:0
FNDA:0,(anonymous_0)
FNDA:0,(anonymous_1)
DA:1,1
DA:2,0
DA:3,0
DA:4,0
DA:5,0
DA:6,0
DA:9,0
DA:10,0
DA:12,0
DA:15,1
DA:16,0
DA:17,0
DA:18,0
DA:20,0
LF:14
LH:2
BRDA:5,0,0,0
BRDA:5,0,1,0
BRF:2
BRH:0
end_of_record
TN:
SF:/Users/justinwinter/Sites/d8d/front-end/src/redux/rootReducer.js
FN:14,(anonymous_0)
FNF:1
FNH:0
FNDA:0,(anonymous_0)
DA:7,1
DA:14,1
DA:15,0
DA:16,0
DA:17,0
DA:20,0
DA:21,0
DA:29,0
LF:8
LH:2
BRDA:16,0,0,0
BRDA:16,0,1,0
BRDA:20,1,0,0
BRDA:20,1,1,0
BRDA:20,2,0,0
BRDA:20,2,1,0
BRF:6
BRH:0
end_of_record
TN:
SF:/Users/justinwinter/Sites/d8d/front-end/src/redux/rootSaga.js
FN:7,rootSaga
FNF:1
FNH:0
FNDA:0,rootSaga
DA:8,0
LF:1
LH:0
BRF:0
BRH:0
end_of_record
TN:
SF:/Users/justinwinter/Sites/d8d/front-end/src/redux/article/actions.js
FN:43,(anonymous_0)
FN:47,(anonymous_1)
FN:52,(anonymous_2)
FN:57,(anonymous_3)
FN:62,(anonymous_4)
FN:67,(anonymous_5)
FN:72,(anonymous_6)
FN:77,(anonymous_7)
FN:82,(anonymous_8)
FN:87,(anonymous_9)
FN:92,(anonymous_10)
FN:97,(anonymous_11)
FN:102,(anonymous_12)
FNF:13
FNH:0
FNDA:0,(anonymous_0)
FNDA:0,(anonymous_1)
FNDA:0,(anonymous_2)
FNDA:0,(anonymous_3)
FNDA:0,(anonymous_4)
FNDA:0,(anonymous_5)
FNDA:0,(anonymous_6)
FNDA:0,(anonymous_7)
FNDA:0,(anonymous_8)
FNDA:0,(anonymous_9)
FNDA:0,(anonymous_10)
FNDA:0,(anonymous_11)
FNDA:0,(anonymous_12)
DA:5,2
DA:6,2
DA:7,2
DA:9,2
DA:10,2
DA:11,2
DA:13,2
DA:14,2
DA:15,2
DA:17,2
DA:18,2
DA:19,2
DA:21,2
DA:23,2
DA:43,2
DA:47,2
DA:52,2
DA:57,2
DA:62,2
DA:67,2
DA:72,2
DA:77,2
DA:82,2
DA:87,2
DA:92,2
DA:97,2
DA:102,2
LF:27
LH:27
BRF:0
BRH:0
end_of_record
TN:
SF:/Users/justinwinter/Sites/d8d/front-end/src/redux/article/reducers.js
FN:8,(anonymous_0)
FNF:1
FNH:1
FNDA:3,(anonymous_0)
DA:3,2
DA:8,2
DA:9,3
DA:13,0
DA:15,0
DA:16,0
DA:18,0
DA:23,0
DA:25,0
DA:26,0
DA:28,0
DA:33,0
DA:35,0
DA:36,0
DA:38,0
DA:43,0
DA:45,0
DA:46,0
DA:48,0
DA:54,0
DA:55,0
DA:59,3
LF:22
LH:4
BRDA:8,0,0,3
BRDA:9,1,0,0
BRDA:9,1,1,0
BRDA:9,1,2,0
BRDA:9,1,3,0
BRDA:9,1,4,0
BRDA:9,1,5,0
BRDA:9,1,6,0
BRDA:9,1,7,0
BRDA:9,1,8,0
BRDA:9,1,9,0
BRDA:9,1,10,0
BRDA:9,1,11,0
BRDA:9,1,12,0
BRDA:9,1,13,3
BRF:15
BRH:2
end_of_record
TN:
SF:/Users/justinwinter/Sites/d8d/front-end/src/redux/article/sagas.js
FN:22,fetchArticleSaga
FN:30,addArticleSaga
FN:38,(anonymous_2)
FN:46,deleteArticleSaga
FN:54,(anonymous_4)
FN:61,saveArticleUpdatesSaga
FN:69,(anonymous_6)
FN:77,selectArticleSaga
FN:80,(anonymous_8)
FN:86,watchArticleActions
FNF:10
FNH:0
FNDA:0,fetchArticleSaga
FNDA:0,addArticleSaga
FNDA:0,(anonymous_2)
FNDA:0,deleteArticleSaga
FNDA:0,(anonymous_4)
FNDA:0,saveArticleUpdatesSaga
FNDA:0,(anonymous_6)
FNDA:0,selectArticleSaga
FNDA:0,(anonymous_8)
FNDA:0,watchArticleActions
DA:23,0
DA:24,0
DA:26,0
DA:27,0
DA:31,0
DA:32,0
DA:33,0
DA:35,0
DA:36,0
DA:37,0
DA:38,0
DA:39,0
DA:40,0
DA:42,0
DA:47,0
DA:48,0
DA:49,0
DA:51,0
DA:52,0
DA:53,0
DA:54,0
DA:55,0
DA:57,0
DA:62,0
DA:63,0
DA:64,0
DA:66,0
DA:67,0
DA:68,0
DA:69,0
DA:70,0
DA:71,0
DA:73,0
DA:78,0
DA:79,0
DA:80,0
DA:81,0
DA:83,0
DA:87,0
DA:89,0
DA:90,0
DA:91,0
DA:93,0
LF:43
LH:0
BRF:0
BRH:0
end_of_record
TN:
SF:/Users/justinwinter/Sites/d8d/front-end/src/redux/article/utilities.js
FN:1,(anonymous_0)
FN:1,(anonymous_1)
FN:3,(anonymous_2)
FN:9,(anonymous_3)
FN:11,(anonymous_4)
FN:17,(anonymous_5)
FN:19,(anonymous_6)
FN:25,(anonymous_7)
FN:26,(anonymous_8)
FNF:9
FNH:0
FNDA:0,(anonymous_0)
FNDA:0,(anonymous_1)
FNDA:0,(anonymous_2)
FNDA:0,(anonymous_3)
FNDA:0,(anonymous_4)
FNDA:0,(anonymous_5)
FNDA:0,(anonymous_6)
FNDA:0,(anonymous_7)
FNDA:0,(anonymous_8)
DA:1,1
DA:2,0
DA:3,0
DA:4,0
DA:6,0
DA:9,1
DA:10,0
DA:11,0
DA:12,0
DA:13,0
DA:14,0
DA:17,1
DA:18,0
DA:19,0
DA:20,0
DA:21,0
DA:22,0
DA:25,1
DA:26,0
DA:27,0
LF:20
LH:4
BRDA:12,0,0,0
BRDA:12,0,1,0
BRDA:20,1,0,0
BRDA:20,1,1,0
BRF:4
BRH:0
end_of_record
TN:
SF:/Users/justinwinter/Sites/d8d/front-end/src/redux/auth/csrf/actions.js
FN:20,(anonymous_0)
FN:24,(anonymous_1)
FN:28,(anonymous_2)
FNF:3
FNH:0
FNDA:0,(anonymous_0)
FNDA:0,(anonymous_1)
FNDA:0,(anonymous_2)
DA:5,2
DA:6,2
DA:8,2
DA:10,2
DA:20,2
DA:24,2
DA:28,2
LF:7
LH:7
BRF:0
BRH:0
end_of_record
TN:
SF:/Users/justinwinter/Sites/d8d/front-end/src/redux/auth/csrf/reducers.js
FN:5,(anonymous_0)
FNF:1
FNH:1
FNDA:3,(anonymous_0)
DA:1,2
DA:5,2
DA:6,3
DA:8,0
DA:9,0
DA:14,3
LF:6
LH:4
BRDA:5,0,0,3
BRDA:6,1,0,0
BRDA:6,1,1,3
BRF:3
BRH:2
end_of_record
TN:
SF:/Users/justinwinter/Sites/d8d/front-end/src/redux/auth/csrf/sagas.js
FN:5,initCsrfToken
FN:11,watchCsrfToken
FNF:2
FNH:0
FNDA:0,initCsrfToken
FNDA:0,watchCsrfToken
DA:6,0
DA:7,0
DA:8,0
DA:12,0
LF:4
LH:0
BRF:0
BRH:0
end_of_record
TN:
SF:/Users/justinwinter/Sites/d8d/front-end/src/redux/auth/csrf/utilities.js
FN:5,(anonymous_0)
FN:6,(anonymous_1)
FN:7,(anonymous_2)
FNF:3
FNH:0
FNDA:0,(anonymous_0)
FNDA:0,(anonymous_1)
FNDA:0,(anonymous_2)
DA:3,1
DA:5,1
DA:6,0
DA:8,0
DA:9,0
LF:5
LH:2
BRF:0
BRH:0
end_of_record
TN:
SF:/Users/justinwinter/Sites/d8d/front-end/src/redux/auth/oauth/actions.js
FN:36,(anonymous_0)
FN:41,(anonymous_1)
FN:46,(anonymous_2)
FN:51,(anonymous_3)
FN:55,(anonymous_4)
FN:59,(anonymous_5)
FN:63,(anonymous_6)
FN:67,(anonymous_7)
FN:72,(anonymous_8)
FN:77,(anonymous_9)
FNF:10
FNH:10
FNDA:1,(anonymous_0)
FNDA:2,(anonymous_1)
FNDA:1,(anonymous_2)
FNDA:1,(anonymous_3)
FNDA:1,(anonymous_4)
FNDA:1,(anonymous_5)
FNDA:1,(anonymous_6)
FNDA:1,(anonymous_7)
FNDA:1,(anonymous_8)
FNDA:1,(anonymous_9)
DA:5,5
DA:6,5
DA:7,5
DA:9,5
DA:11,5
DA:12,5
DA:13,5
DA:15,5
DA:16,5
DA:17,5
DA:19,5
DA:36,5
DA:41,5
DA:46,5
DA:51,5
DA:55,5
DA:59,5
DA:63,5
DA:67,5
DA:72,5
DA:77,5
LF:21
LH:21
BRF:0
BRH:0
end_of_record
TN:
SF:/Users/justinwinter/Sites/d8d/front-end/src/redux/auth/oauth/reducers.js
FN:18,(anonymous_0)
FN:26,(anonymous_1)
FNF:2
FNH:2
FNDA:1,(anonymous_0)
FNDA:7,(anonymous_1)
DA:4,2
DA:18,2
DA:19,1
DA:20,1
DA:21,1
DA:26,2
DA:27,7
DA:29,1
DA:36,1
DA:38,1
DA:51,1
DA:52,1
DA:54,1
DA:55,1
DA:62,1
DA:66,0
DA:72,0
DA:79,0
DA:85,0
DA:86,0
DA:93,0
DA:94,0
DA:102,2
LF:23
LH:16
BRDA:20,0,0,1
BRDA:20,0,1,0
BRDA:26,1,0,7
BRDA:27,2,0,1
BRDA:27,2,1,1
BRDA:27,2,2,1
BRDA:27,2,3,1
BRDA:27,2,4,1
BRDA:27,2,5,0
BRDA:27,2,6,0
BRDA:27,2,7,0
BRDA:27,2,8,0
BRDA:27,2,9,0
BRDA:27,2,10,2
BRDA:41,3,0,1
BRDA:41,3,1,1
BRDA:42,4,0,1
BRDA:42,4,1,1
BRDA:43,5,0,1
BRDA:43,5,1,1
BRDA:44,6,0,1
BRDA:44,6,1,1
BRF:22
BRH:16
end_of_record
TN:
SF:/Users/justinwinter/Sites/d8d/front-end/src/redux/auth/oauth/sagas.js
FN:21,loginRequestSaga
FN:38,refreshTokensRequestSaga
FN:57,tokenExpiredCheckSaga
FN:77,watchOAuth
FNF:4
FNH:2
FNDA:1,loginRequestSaga
FNDA:0,refreshTokensRequestSaga
FNDA:0,tokenExpiredCheckSaga
FNDA:1,watchOAuth
DA:22,1
DA:23,1
DA:25,1
DA:26,1
DA:27,1
DA:28,1
DA:29,1
DA:31,0
DA:34,0
DA:39,0
DA:40,0
DA:41,0
DA:43,0
DA:44,0
DA:45,0
DA:46,0
DA:47,0
DA:49,0
DA:52,0
DA:60,0
DA:63,0
DA:64,0
DA:65,0
DA:68,0
DA:69,0
DA:70,0
DA:72,0
DA:78,1
DA:79,1
DA:80,1
LF:30
LH:10
BRDA:28,0,0,1
BRDA:28,0,1,0
BRDA:46,1,0,0
BRDA:46,1,1,0
BRDA:63,2,0,0
BRDA:63,2,1,0
BRDA:68,3,0,0
BRDA:68,3,1,0
BRDA:68,4,0,0
BRDA:68,4,1,0
BRDA:69,5,0,0
BRDA:69,5,1,0
BRF:12
BRH:1
end_of_record
TN:
SF:/Users/justinwinter/Sites/d8d/front-end/src/redux/auth/oauth/utilities.js
FN:12,(anonymous_0)
FN:16,(anonymous_1)
FN:24,(anonymous_2)
FN:29,(anonymous_3)
FN:45,(anonymous_4)
FN:49,(anonymous_5)
FN:58,(anonymous_6)
FN:66,(anonymous_7)
FN:92,(anonymous_8)
FNF:9
FNH:8
FNDA:2,(anonymous_0)
FNDA:2,(anonymous_1)
FNDA:0,(anonymous_2)
FNDA:3,(anonymous_3)
FNDA:1,(anonymous_4)
FNDA:2,(anonymous_5)
FNDA:2,(anonymous_6)
FNDA:2,(anonymous_7)
FNDA:2,(anonymous_8)
DA:4,4
DA:5,4
DA:7,4
DA:12,4
DA:17,2
DA:18,2
DA:25,0
DA:26,0
DA:29,4
DA:30,3
DA:36,3
DA:37,3
DA:38,0
DA:39,0
DA:42,3
DA:45,4
DA:46,1
DA:49,4
DA:52,2
DA:53,2
DA:54,2
DA:55,2
DA:58,4
DA:66,4
DA:67,2
DA:68,2
DA:69,2
DA:70,2
DA:71,2
DA:72,2
DA:73,2
DA:92,4
DA:93,2
DA:94,2
DA:96,2
DA:97,2
DA:102,2
DA:103,1
DA:105,1
LF:39
LH:35
BRDA:29,0,0,0
BRDA:29,1,0,0
BRDA:29,2,0,1
BRDA:36,3,0,3
BRDA:36,3,1,0
BRDA:38,4,0,0
BRDA:38,4,1,0
BRDA:102,5,0,1
BRDA:102,5,1,1
BRDA:102,6,0,2
BRDA:102,6,1,2
BRF:11
BRH:6
end_of_record
TN:
SF:/Users/justinwinter/Sites/d8d/front-end/src/routes/PrivateRoute.js
FN:7,(anonymous_0)
FN:9,(anonymous_1)
FN:24,(anonymous_2)
FNF:3
FNH:0
FNDA:0,(anonymous_0)
FNDA:0,(anonymous_1)
FNDA:0,(anonymous_2)
DA:7,1
DA:9,1
DA:10,0
DA:18,1
DA:24,1
LF:5
LH:4
BRDA:12,0,0,0
BRDA:12,0,1,0
BRDA:12,1,0,0
BRDA:12,1,1,0
BRF:4
BRH:0
end_of_record
TN:
SF:/Users/justinwinter/Sites/d8d/front-end/src/routes/index.js
FN:17,(anonymous_0)
FN:19,(anonymous_1)
FN:25,(anonymous_2)
FN:30,(anonymous_3)
FNF:4
FNH:0
FNDA:0,(anonymous_0)
FNDA:0,(anonymous_1)
FNDA:0,(anonymous_2)
FNDA:0,(anonymous_3)
DA:17,1
DA:19,1
DA:25,1
DA:26,0
DA:27,0
DA:30,1
DA:32,0
LF:7
LH:4
BRF:0
BRH:0
end_of_record
TN:
SF:/Users/justinwinter/Sites/d8d/front-end/src/utils/ImageHelpers.js
FN:1,readFile
FN:4,(anonymous_1)
FN:9,(anonymous_2)
FN:16,resizeImage
FN:42,b64toBlob
FNF:5
FNH:0
FNDA:0,readFile
FNDA:0,(anonymous_1)
FNDA:0,(anonymous_2)
FNDA:0,resizeImage
FNDA:0,b64toBlob
DA:2,0
DA:3,0
DA:4,0
DA:5,0
DA:7,0
DA:8,0
DA:9,0
DA:10,0
DA:11,0
DA:17,0
DA:19,0
DA:20,0
DA:22,0
DA:23,0
DA:24,0
DA:25,0
DA:28,0
DA:29,0
DA:30,0
DA:34,0
DA:35,0
DA:37,0
DA:38,0
DA:39,0
DA:43,0
DA:44,0
DA:46,0
DA:47,0
DA:49,0
DA:50,0
DA:52,0
DA:53,0
DA:54,0
DA:57,0
DA:59,0
DA:62,0
DA:63,0
LF:37
LH:0
BRDA:22,0,0,0
BRDA:22,0,1,0
BRDA:23,1,0,0
BRDA:23,1,1,0
BRDA:28,2,0,0
BRDA:28,2,1,0
BRDA:43,3,0,0
BRDA:43,3,1,0
BRDA:44,4,0,0
BRDA:44,4,1,0
BRF:10
BRH:0
end_of_record
